mode: set
SettingsSentry/pkg/util/util.go:20.57,22.17 2 1
SettingsSentry/pkg/util/util.go:22.17,24.3 1 1
SettingsSentry/pkg/util/util.go:25.2,25.14 1 1
SettingsSentry/pkg/util/util.go:28.53,30.16 2 1
SettingsSentry/pkg/util/util.go:30.16,32.23 1 0
SettingsSentry/pkg/util/util.go:32.23,34.4 1 0
SettingsSentry/pkg/util/util.go:35.3,35.21 1 0
SettingsSentry/pkg/util/util.go:37.2,37.13 1 1
SettingsSentry/pkg/util/util.go:42.116,47.2 4 1
SettingsSentry/pkg/util/util.go:49.57,51.16 2 1
SettingsSentry/pkg/util/util.go:51.16,53.3 1 0
SettingsSentry/pkg/util/util.go:54.2,59.55 4 1
SettingsSentry/pkg/util/util.go:59.55,61.3 1 1
SettingsSentry/pkg/util/util.go:61.8,62.54 1 1
SettingsSentry/pkg/util/util.go:62.54,64.4 1 0
SettingsSentry/pkg/util/util.go:67.2,69.87 2 1
SettingsSentry/pkg/util/util.go:69.87,70.17 1 1
SettingsSentry/pkg/util/util.go:70.17,73.4 1 1
SettingsSentry/pkg/util/util.go:74.3,74.18 1 0
SettingsSentry/pkg/util/util.go:74.18,76.4 1 0
SettingsSentry/pkg/util/util.go:77.3,77.16 1 0
SettingsSentry/pkg/util/util.go:77.16,79.4 1 0
SettingsSentry/pkg/util/util.go:81.3,84.21 3 0
SettingsSentry/pkg/util/util.go:84.21,86.4 1 0
SettingsSentry/pkg/util/util.go:88.3,89.22 2 0
SettingsSentry/pkg/util/util.go:89.22,91.4 1 0
SettingsSentry/pkg/util/util.go:92.3,93.13 2 0
SettingsSentry/pkg/util/util.go:96.2,96.16 1 1
SettingsSentry/pkg/util/util.go:96.16,98.3 1 1
SettingsSentry/pkg/util/util.go:100.2,101.12 2 0
SettingsSentry/pkg/command/command.go:16.59,17.15 1 1
SettingsSentry/pkg/command/command.go:17.15,18.31 1 1
SettingsSentry/pkg/command/command.go:18.31,19.22 1 1
SettingsSentry/pkg/command/command.go:19.22,21.5 1 1
SettingsSentry/pkg/command/command.go:21.10,21.31 1 0
SettingsSentry/pkg/command/command.go:21.31,23.5 1 0
SettingsSentry/pkg/command/command.go:26.2,26.13 1 1
SettingsSentry/pkg/command/command.go:29.50,30.23 1 1
SettingsSentry/pkg/command/command.go:30.23,31.21 1 1
SettingsSentry/pkg/command/command.go:31.21,33.4 1 1
SettingsSentry/pkg/command/command.go:35.3,35.14 1 1
SettingsSentry/pkg/command/command.go:38.2,38.24 1 1
SettingsSentry/pkg/command/command.go:38.24,39.23 1 1
SettingsSentry/pkg/command/command.go:39.23,41.4 1 0
SettingsSentry/pkg/command/command.go:42.3,42.15 1 1
SettingsSentry/pkg/command/command.go:45.2,45.37 1 1
SettingsSentry/pkg/command/command.go:45.37,46.21 1 1
SettingsSentry/pkg/command/command.go:46.21,48.4 1 1
SettingsSentry/pkg/command/command.go:51.2,51.37 1 1
SettingsSentry/pkg/command/command.go:51.37,52.21 1 1
SettingsSentry/pkg/command/command.go:52.21,54.4 1 1
SettingsSentry/pkg/command/command.go:57.2,59.13 2 1
SettingsSentry/pkg/command/command.go:59.13,60.21 1 1
SettingsSentry/pkg/command/command.go:60.21,62.4 1 1
SettingsSentry/pkg/command/command.go:62.9,62.30 1 0
SettingsSentry/pkg/command/command.go:62.30,64.4 1 0
SettingsSentry/pkg/command/command.go:65.3,65.15 1 1
SettingsSentry/pkg/command/command.go:68.2,68.20 1 1
SettingsSentry/pkg/command/command.go:68.20,70.3 1 1
SettingsSentry/pkg/command/command.go:72.2,72.13 1 1
SettingsSentry/pkg/printer/printer.go:18.65,27.2 4 1
SettingsSentry/pkg/printer/printer.go:29.46,31.19 2 1
SettingsSentry/pkg/printer/printer.go:31.19,33.3 1 1
SettingsSentry/pkg/printer/printer.go:33.8,35.3 1 0
SettingsSentry/pkg/printer/printer.go:36.2,36.21 1 1
SettingsSentry/pkg/printer/printer.go:39.61,40.22 1 1
SettingsSentry/pkg/printer/printer.go:40.22,43.3 2 0
SettingsSentry/pkg/printer/printer.go:45.2,47.37 2 1
SettingsSentry/pkg/printer/printer.go:47.37,50.3 2 1
SettingsSentry/pkg/printer/printer.go:50.8,51.39 1 1
SettingsSentry/pkg/printer/printer.go:51.39,53.4 1 1
SettingsSentry/pkg/printer/printer.go:53.9,55.4 1 0
SettingsSentry/pkg/printer/printer.go:59.27,61.2 1 1
SettingsSentry/logger/logger.go:18.53,22.23 3 1
SettingsSentry/logger/logger.go:22.23,24.52 2 1
SettingsSentry/logger/logger.go:24.52,26.18 2 1
SettingsSentry/logger/logger.go:26.18,28.5 1 0
SettingsSentry/logger/logger.go:31.3,32.17 2 1
SettingsSentry/logger/logger.go:32.17,34.4 1 0
SettingsSentry/logger/logger.go:37.2,38.17 2 1
SettingsSentry/logger/logger.go:38.17,40.3 1 1
SettingsSentry/logger/logger.go:42.2,49.8 2 1
SettingsSentry/logger/logger.go:52.49,54.2 1 1
SettingsSentry/logger/logger.go:56.55,58.2 1 1
SettingsSentry/logger/logger.go:60.56,63.34 2 1
SettingsSentry/logger/logger.go:63.34,65.3 1 1
SettingsSentry/logger/logger.go:68.40,71.34 2 1
SettingsSentry/logger/logger.go:71.34,73.3 1 1
SettingsSentry/logger/logger.go:76.67,83.34 4 1
SettingsSentry/logger/logger.go:83.34,85.3 1 1
SettingsSentry/logger/logger.go:87.2,87.37 1 1
SettingsSentry/logger/logger.go:90.26,91.22 1 1
SettingsSentry/logger/logger.go:91.22,94.3 1 1
SettingsSentry/test/mocks/mock_command.go:20.52,27.2 1 0
SettingsSentry/test/mocks/mock_command.go:30.77,34.2 3 0
SettingsSentry/test/mocks/mock_command.go:37.79,41.2 3 0
SettingsSentry/test/mocks/mock_command.go:44.61,48.2 3 0
SettingsSentry/test/mocks/mock_command.go:51.71,56.2 4 0
SettingsSentry/test/mocks/mock_command.go:59.62,63.2 3 0
SettingsSentry/test/mocks/mock_command.go:66.90,75.13 5 0
SettingsSentry/test/mocks/mock_command.go:75.13,77.3 1 0
SettingsSentry/test/mocks/mock_command.go:80.2,81.13 2 0
SettingsSentry/test/mocks/mock_command.go:81.13,83.3 1 0
SettingsSentry/test/mocks/mock_command.go:86.2,86.35 1 0
SettingsSentry/test/mocks/mock_command.go:86.35,88.3 1 0
SettingsSentry/test/mocks/mock_command.go:90.2,90.55 1 0
SettingsSentry/test/mocks/mock_command.go:90.55,92.3 1 0
SettingsSentry/test/mocks/mock_command.go:94.2,94.15 1 0
SettingsSentry/test/mocks/mock_filesystem.go:21.54,22.14 1 0
SettingsSentry/test/mocks/mock_filesystem.go:22.14,24.3 1 0
SettingsSentry/test/mocks/mock_filesystem.go:25.2,25.26 1 0
SettingsSentry/test/mocks/mock_filesystem.go:28.55,29.14 1 0
SettingsSentry/test/mocks/mock_filesystem.go:29.14,31.3 1 0
SettingsSentry/test/mocks/mock_filesystem.go:32.2,32.16 1 0
SettingsSentry/test/mocks/mock_filesystem.go:32.16,34.3 1 0
SettingsSentry/test/mocks/mock_filesystem.go:35.2,35.27 1 0
SettingsSentry/test/mocks/mock_filesystem.go:38.34,39.14 1 0
SettingsSentry/test/mocks/mock_filesystem.go:39.14,41.3 1 0
SettingsSentry/test/mocks/mock_filesystem.go:42.2,43.12 2 0
SettingsSentry/test/mocks/mock_filesystem.go:55.39,57.2 1 0
SettingsSentry/test/mocks/mock_filesystem.go:59.38,61.2 1 0
SettingsSentry/test/mocks/mock_filesystem.go:63.44,65.2 1 0
SettingsSentry/test/mocks/mock_filesystem.go:67.45,69.2 1 1
SettingsSentry/test/mocks/mock_filesystem.go:71.38,73.2 1 0
SettingsSentry/test/mocks/mock_filesystem.go:75.43,77.2 1 0
SettingsSentry/test/mocks/mock_filesystem.go:85.38,87.2 1 0
SettingsSentry/test/mocks/mock_filesystem.go:89.37,91.2 1 0
SettingsSentry/test/mocks/mock_filesystem.go:93.43,94.13 1 0
SettingsSentry/test/mocks/mock_filesystem.go:94.13,96.3 1 0
SettingsSentry/test/mocks/mock_filesystem.go:97.2,97.10 1 0
SettingsSentry/test/mocks/mock_filesystem.go:100.52,107.2 1 0
SettingsSentry/test/mocks/mock_filesystem.go:118.42,124.2 1 1
SettingsSentry/test/mocks/mock_filesystem.go:127.82,148.31 7 1
SettingsSentry/test/mocks/mock_filesystem.go:148.31,157.3 3 0
SettingsSentry/test/mocks/mock_filesystem.go:161.65,181.31 7 0
SettingsSentry/test/mocks/mock_filesystem.go:181.31,190.3 3 0
SettingsSentry/test/mocks/mock_filesystem.go:194.70,203.13 5 0
SettingsSentry/test/mocks/mock_filesystem.go:203.13,205.3 1 0
SettingsSentry/test/mocks/mock_filesystem.go:208.2,212.8 1 0
SettingsSentry/test/mocks/mock_filesystem.go:216.72,225.33 5 0
SettingsSentry/test/mocks/mock_filesystem.go:225.33,227.3 1 0
SettingsSentry/test/mocks/mock_filesystem.go:230.2,248.18 5 0
SettingsSentry/test/mocks/mock_filesystem.go:252.74,257.41 3 0
SettingsSentry/test/mocks/mock_filesystem.go:257.41,259.3 1 0
SettingsSentry/test/mocks/mock_filesystem.go:262.2,265.29 2 0
SettingsSentry/test/mocks/mock_filesystem.go:265.29,267.55 2 0
SettingsSentry/test/mocks/mock_filesystem.go:267.55,273.4 2 0
SettingsSentry/test/mocks/mock_filesystem.go:277.2,277.27 1 0
SettingsSentry/test/mocks/mock_filesystem.go:277.27,279.67 2 0
SettingsSentry/test/mocks/mock_filesystem.go:279.67,285.4 2 0
SettingsSentry/test/mocks/mock_filesystem.go:288.2,288.21 1 0
SettingsSentry/test/mocks/mock_filesystem.go:292.73,310.31 7 0
SettingsSentry/test/mocks/mock_filesystem.go:310.31,319.3 3 0
SettingsSentry/test/mocks/mock_filesystem.go:321.2,321.12 1 0
SettingsSentry/test/mocks/mock_filesystem.go:325.56,339.33 8 0
SettingsSentry/test/mocks/mock_filesystem.go:339.33,340.42 1 0
SettingsSentry/test/mocks/mock_filesystem.go:340.42,343.4 2 0
SettingsSentry/test/mocks/mock_filesystem.go:346.2,346.31 1 0
SettingsSentry/test/mocks/mock_filesystem.go:346.31,347.41 1 0
SettingsSentry/test/mocks/mock_filesystem.go:347.41,350.4 2 0
SettingsSentry/test/mocks/mock_filesystem.go:353.2,353.12 1 0
SettingsSentry/test/mocks/mock_filesystem.go:357.66,366.13 5 1
SettingsSentry/test/mocks/mock_filesystem.go:366.13,368.3 1 0
SettingsSentry/test/mocks/mock_filesystem.go:370.2,370.18 1 1
SettingsSentry/test/mocks/mock_filesystem.go:374.69,383.13 5 0
SettingsSentry/test/mocks/mock_filesystem.go:383.13,385.3 1 0
SettingsSentry/test/mocks/mock_filesystem.go:387.2,387.21 1 0
SettingsSentry/test/mocks/mock_filesystem.go:391.91,400.33 5 0
SettingsSentry/test/mocks/mock_filesystem.go:400.33,402.3 1 0
SettingsSentry/test/mocks/mock_filesystem.go:405.2,414.12 3 0
SettingsSentry/test/mocks/mock_filesystem.go:418.55,420.2 1 0
SettingsSentry/test/mocks/mock_filesystem.go:423.51,425.2 1 0
SettingsSentry/test/mocks/mock_filesystem.go:428.52,430.2 1 0
SettingsSentry/test/mocks/mock_filesystem.go:433.60,435.2 1 0
SettingsSentry/test/mocks/mock_filesystem.go:438.69,447.13 5 0
SettingsSentry/test/mocks/mock_filesystem.go:447.13,449.3 1 0
SettingsSentry/test/mocks/mock_filesystem.go:451.2,451.18 1 0
SettingsSentry/pkg/config/config.go:20.47,22.19 2 1
SettingsSentry/pkg/config/config.go:22.19,24.3 1 1
SettingsSentry/pkg/config/config.go:25.2,25.21 1 1
SettingsSentry/pkg/config/config.go:37.41,39.16 2 1
SettingsSentry/pkg/config/config.go:39.16,41.3 1 1
SettingsSentry/pkg/config/config.go:43.2,44.25 2 1
SettingsSentry/pkg/config/config.go:44.25,46.3 1 1
SettingsSentry/pkg/config/config.go:48.2,48.48 1 1
SettingsSentry/pkg/config/config.go:48.48,49.23 1 1
SettingsSentry/pkg/config/config.go:49.23,51.4 1 1
SettingsSentry/pkg/config/config.go:52.3,52.74 1 0
SettingsSentry/pkg/config/config.go:55.2,55.27 1 1
SettingsSentry/pkg/config/config.go:58.48,59.15 1 1
SettingsSentry/pkg/config/config.go:59.15,61.3 1 1
SettingsSentry/pkg/config/config.go:62.2,63.16 2 1
SettingsSentry/pkg/config/config.go:63.16,65.3 1 0
SettingsSentry/pkg/config/config.go:67.2,70.16 3 1
SettingsSentry/pkg/config/config.go:70.16,71.23 1 1
SettingsSentry/pkg/config/config.go:71.23,73.4 1 1
SettingsSentry/pkg/config/config.go:74.3,74.57 1 0
SettingsSentry/pkg/config/config.go:77.2,78.16 2 1
SettingsSentry/pkg/config/config.go:78.16,79.23 1 0
SettingsSentry/pkg/config/config.go:79.23,81.4 1 0
SettingsSentry/pkg/config/config.go:82.3,82.63 1 0
SettingsSentry/pkg/config/config.go:85.2,85.26 1 1
SettingsSentry/pkg/config/config.go:88.41,89.53 1 1
SettingsSentry/pkg/config/config.go:89.53,91.3 1 1
SettingsSentry/pkg/config/config.go:93.2,93.15 1 1
SettingsSentry/pkg/config/config.go:96.42,97.15 1 1
SettingsSentry/pkg/config/config.go:97.15,99.3 1 0
SettingsSentry/pkg/config/config.go:100.2,100.23 1 1
SettingsSentry/pkg/config/config.go:100.23,102.3 1 1
SettingsSentry/pkg/config/config.go:104.2,104.28 1 1
SettingsSentry/pkg/config/config.go:104.28,106.3 1 1
SettingsSentry/pkg/config/config.go:108.2,108.36 1 1
SettingsSentry/pkg/config/config.go:108.36,109.36 1 1
SettingsSentry/pkg/config/config.go:109.36,111.4 1 1
SettingsSentry/pkg/config/config.go:113.3,113.35 1 1
SettingsSentry/pkg/config/config.go:113.35,115.18 2 1
SettingsSentry/pkg/config/config.go:115.18,116.25 1 0
SettingsSentry/pkg/config/config.go:116.25,118.6 1 0
SettingsSentry/pkg/config/config.go:119.5,119.73 1 0
SettingsSentry/pkg/config/config.go:122.4,123.82 2 1
SettingsSentry/pkg/config/config.go:123.82,125.43 2 1
SettingsSentry/pkg/config/config.go:125.43,126.26 1 0
SettingsSentry/pkg/config/config.go:126.26,128.7 1 0
SettingsSentry/pkg/config/config.go:129.6,129.68 1 0
SettingsSentry/pkg/config/config.go:135.2,135.12 1 1
SettingsSentry/pkg/config/config.go:138.71,142.16 3 1
SettingsSentry/pkg/config/config.go:142.16,143.23 1 1
SettingsSentry/pkg/config/config.go:143.23,145.4 1 1
SettingsSentry/pkg/config/config.go:146.3,146.58 1 0
SettingsSentry/pkg/config/config.go:149.2,152.21 3 1
SettingsSentry/pkg/config/config.go:152.21,155.81 2 1
SettingsSentry/pkg/config/config.go:155.81,156.12 1 1
SettingsSentry/pkg/config/config.go:159.3,159.67 1 1
SettingsSentry/pkg/config/config.go:159.67,161.12 2 1
SettingsSentry/pkg/config/config.go:164.3,164.34 1 1
SettingsSentry/pkg/config/config.go:164.34,171.49 5 1
SettingsSentry/pkg/config/config.go:171.49,173.13 2 1
SettingsSentry/pkg/config/config.go:177.3,177.18 1 1
SettingsSentry/pkg/config/config.go:178.14,179.37 1 0
SettingsSentry/pkg/config/config.go:180.22,181.36 1 0
SettingsSentry/pkg/config/config.go:181.36,183.5 1 0
SettingsSentry/pkg/config/config.go:184.39,185.60 1 1
SettingsSentry/pkg/config/config.go:187.34,189.36 2 1
SettingsSentry/pkg/config/config.go:189.36,190.25 1 1
SettingsSentry/pkg/config/config.go:190.25,192.6 1 1
SettingsSentry/pkg/config/config.go:193.5,193.86 1 0
SettingsSentry/pkg/config/config.go:196.4,197.18 2 1
SettingsSentry/pkg/config/config.go:197.18,198.25 1 0
SettingsSentry/pkg/config/config.go:198.25,200.6 1 0
SettingsSentry/pkg/config/config.go:201.5,201.63 1 0
SettingsSentry/pkg/config/config.go:204.4,207.18 3 1
SettingsSentry/pkg/config/config.go:207.18,208.25 1 0
SettingsSentry/pkg/config/config.go:208.25,210.6 1 0
SettingsSentry/pkg/config/config.go:211.5,211.62 1 0
SettingsSentry/pkg/config/config.go:214.4,216.53 2 1
SettingsSentry/pkg/config/config.go:217.59,218.84 1 1
SettingsSentry/pkg/config/config.go:219.31,220.86 1 1
SettingsSentry/pkg/config/config.go:221.62,222.86 1 1
SettingsSentry/pkg/config/config.go:223.32,224.88 1 1
SettingsSentry/pkg/config/config.go:228.2,228.38 1 1
SettingsSentry/pkg/config/config.go:228.38,229.23 1 0
SettingsSentry/pkg/config/config.go:229.23,231.4 1 0
SettingsSentry/pkg/config/config.go:232.3,232.58 1 0
SettingsSentry/pkg/config/config.go:235.2,235.67 1 1
SettingsSentry/pkg/config/config.go:235.67,237.23 2 0
SettingsSentry/pkg/config/config.go:237.23,239.4 1 0
SettingsSentry/pkg/config/config.go:240.3,240.31 1 0
SettingsSentry/pkg/config/config.go:243.2,243.20 1 1
SettingsSentry/interfaces/command.go:19.88,26.2 5 1
SettingsSentry/interfaces/command.go:28.118,32.16 3 1
SettingsSentry/interfaces/command.go:32.16,35.3 2 0
SettingsSentry/interfaces/command.go:37.2,38.16 2 1
SettingsSentry/interfaces/command.go:38.16,41.3 2 0
SettingsSentry/interfaces/command.go:43.2,43.36 1 1
SettingsSentry/interfaces/command.go:43.36,46.3 2 0
SettingsSentry/interfaces/command.go:48.2,48.12 1 1
SettingsSentry/interfaces/command.go:48.12,50.22 2 1
SettingsSentry/interfaces/command.go:50.22,52.28 2 1
SettingsSentry/interfaces/command.go:52.28,54.5 1 1
SettingsSentry/interfaces/command.go:58.2,58.12 1 1
SettingsSentry/interfaces/command.go:58.12,60.22 2 1
SettingsSentry/interfaces/command.go:60.22,62.28 2 1
SettingsSentry/interfaces/command.go:62.28,64.5 1 1
SettingsSentry/interfaces/command.go:68.2,69.19 2 1
SettingsSentry/interfaces/command.go:72.48,74.2 1 1
SettingsSentry/interfaces/filesystem.go:38.57,40.16 2 1
SettingsSentry/interfaces/filesystem.go:40.16,42.3 1 0
SettingsSentry/interfaces/filesystem.go:43.2,43.33 1 1
SettingsSentry/interfaces/filesystem.go:46.59,48.16 2 1
SettingsSentry/interfaces/filesystem.go:48.16,50.3 1 0
SettingsSentry/interfaces/filesystem.go:51.2,51.33 1 1
SettingsSentry/interfaces/filesystem.go:54.72,56.2 1 1
SettingsSentry/interfaces/filesystem.go:58.71,60.2 1 1
SettingsSentry/interfaces/filesystem.go:62.54,64.2 1 1
SettingsSentry/interfaces/filesystem.go:66.64,68.2 1 1
SettingsSentry/interfaces/filesystem.go:70.67,72.2 1 1
SettingsSentry/interfaces/filesystem.go:74.89,76.2 1 1
SettingsSentry/interfaces/filesystem.go:78.53,80.2 1 1
SettingsSentry/interfaces/filesystem.go:82.49,84.2 1 1
SettingsSentry/interfaces/filesystem.go:86.50,88.2 1 1
SettingsSentry/interfaces/filesystem.go:90.58,92.2 1 1
SettingsSentry/interfaces/filesystem.go:94.67,96.2 1 1
SettingsSentry/interfaces/filesystem.go:98.38,100.2 1 1
SettingsSentry/cron/cronjob.go:16.59,17.15 1 1
SettingsSentry/cron/cronjob.go:17.15,18.31 1 1
SettingsSentry/cron/cronjob.go:18.31,20.4 1 1
SettingsSentry/cron/cronjob.go:23.2,23.13 1 1
SettingsSentry/cron/cronjob.go:27.57,28.48 1 1
SettingsSentry/cron/cronjob.go:28.48,30.48 2 1
SettingsSentry/cron/cronjob.go:30.48,32.18 2 1
SettingsSentry/cron/cronjob.go:32.18,34.5 1 1
SettingsSentry/cron/cronjob.go:36.3,44.17 7 1
SettingsSentry/cron/cronjob.go:44.17,47.4 2 0
SettingsSentry/cron/cronjob.go:47.9,49.4 1 1
SettingsSentry/cron/cronjob.go:51.3,54.17 4 1
SettingsSentry/cron/cronjob.go:54.17,56.4 1 0
SettingsSentry/cron/cronjob.go:58.3,59.13 2 1
SettingsSentry/cron/cronjob.go:64.28,65.51 1 1
SettingsSentry/cron/cronjob.go:65.51,70.17 5 1
SettingsSentry/cron/cronjob.go:70.17,71.79 1 1
SettingsSentry/cron/cronjob.go:71.79,74.5 2 1
SettingsSentry/cron/cronjob.go:75.4,75.56 1 0
SettingsSentry/cron/cronjob.go:78.3,80.30 3 1
SettingsSentry/cron/cronjob.go:80.30,81.40 1 1
SettingsSentry/cron/cronjob.go:81.40,83.5 1 1
SettingsSentry/cron/cronjob.go:86.3,86.38 1 1
SettingsSentry/cron/cronjob.go:86.38,91.18 5 1
SettingsSentry/cron/cronjob.go:91.18,93.5 1 0
SettingsSentry/cron/cronjob.go:94.4,94.49 1 1
SettingsSentry/cron/cronjob.go:95.9,97.4 1 1
SettingsSentry/cron/cronjob.go:99.3,99.13 1 1
SettingsSentry/cron/cronjob.go:104.41,106.56 2 1
SettingsSentry/cron/cronjob.go:106.56,111.17 5 1
SettingsSentry/cron/cronjob.go:111.17,112.79 1 1
SettingsSentry/cron/cronjob.go:112.79,115.5 2 1
SettingsSentry/cron/cronjob.go:116.4,116.56 1 0
SettingsSentry/cron/cronjob.go:119.3,120.30 2 1
SettingsSentry/cron/cronjob.go:120.30,121.39 1 1
SettingsSentry/cron/cronjob.go:121.39,124.5 2 1
SettingsSentry/cron/cronjob.go:126.3,127.13 2 1
SettingsSentry/cron/cronjob.go:130.2,130.23 1 1
SettingsSentry/cron/cronjob.go:134.50,136.26 2 1
SettingsSentry/cron/cronjob.go:136.26,138.3 1 1
SettingsSentry/cron/cronjob.go:140.2,141.16 2 1
SettingsSentry/cron/cronjob.go:141.16,143.3 1 1
SettingsSentry/cron/cronjob.go:145.2,147.35 2 0
SettingsSentry/pkg/testutil/setup.go:13.100,17.2 3 0
SettingsSentry/test/test_helpers.go:11.56,13.16 2 0
SettingsSentry/test/test_helpers.go:13.16,15.3 1 0
SettingsSentry/test/test_helpers.go:16.2,16.16 1 0
SettingsSentry/test/test_helpers.go:20.69,23.16 3 0
SettingsSentry/test/test_helpers.go:23.16,25.3 1 0
SettingsSentry/test/test_helpers.go:26.2,26.13 1 0
SettingsSentry/test/test_helpers.go:30.62,33.16 3 0
SettingsSentry/test/test_helpers.go:33.16,35.3 1 0
SettingsSentry/test/test_helpers.go:36.2,36.13 1 0
SettingsSentry/test/test_helpers.go:40.50,41.49 1 0
SettingsSentry/test/test_helpers.go:41.49,43.3 1 0
SettingsSentry/test/test_helpers.go:47.68,49.16 2 0
SettingsSentry/test/test_helpers.go:49.16,52.3 2 0
SettingsSentry/test/test_helpers.go:53.2,53.40 1 0
SettingsSentry/test/test_helpers.go:53.40,56.3 1 0
SettingsSentry/test/test_helpers.go:60.67,62.46 2 0
SettingsSentry/test/test_helpers.go:62.46,64.3 1 0
SettingsSentry/test/test_helpers.go:65.2,65.15 1 0
SettingsSentry/test/test_helpers.go:65.15,66.13 1 0
SettingsSentry/test/test_helpers.go:66.13,67.51 1 0
SettingsSentry/test/test_helpers.go:67.51,69.5 1 0
SettingsSentry/test/test_helpers.go:70.9,71.43 1 0
SettingsSentry/test/test_helpers.go:71.43,73.5 1 0
SettingsSentry/test/test_helpers.go:76.2,76.12 1 0
SettingsSentry/main.go:25.13,26.41 1 0
SettingsSentry/main.go:26.41,29.3 2 0
SettingsSentry/main.go:33.31,40.16 4 0
SettingsSentry/main.go:40.16,42.3 1 0
SettingsSentry/main.go:45.2,45.15 1 0
SettingsSentry/main.go:45.15,46.31 1 0
SettingsSentry/main.go:46.31,48.4 1 0
SettingsSentry/main.go:51.2,72.84 12 0
SettingsSentry/main.go:72.84,75.3 2 0
SettingsSentry/main.go:78.2,79.16 2 0
SettingsSentry/main.go:79.16,82.3 2 0
SettingsSentry/main.go:85.2,85.41 1 0
SettingsSentry/main_cli.go:37.149,45.2 1 0
SettingsSentry/main_cli.go:48.98,49.19 1 0
SettingsSentry/main_cli.go:49.19,51.3 1 0
SettingsSentry/main_cli.go:54.2,55.16 2 0
SettingsSentry/main_cli.go:55.16,58.3 2 0
SettingsSentry/main_cli.go:58.8,60.3 1 0
SettingsSentry/main_cli.go:61.2,61.22 1 0
SettingsSentry/main_cli.go:61.22,63.21 2 0
SettingsSentry/main_cli.go:63.21,66.4 2 0
SettingsSentry/main_cli.go:66.9,68.4 1 0
SettingsSentry/main_cli.go:72.2,83.28 9 0
SettingsSentry/main_cli.go:83.28,85.3 1 0
SettingsSentry/main_cli.go:88.2,100.52 11 0
SettingsSentry/main_cli.go:100.52,102.3 1 0
SettingsSentry/main_cli.go:105.2,106.24 2 0
SettingsSentry/main_cli.go:106.24,109.27 2 0
SettingsSentry/main_cli.go:109.27,111.4 1 0
SettingsSentry/main_cli.go:114.2,127.27 2 0
SettingsSentry/main_cli.go:131.80,132.16 1 0
SettingsSentry/main_cli.go:133.27,134.47 1 0
SettingsSentry/main_cli.go:135.21,136.32 1 0
SettingsSentry/main_cli.go:137.17,138.33 1 0
SettingsSentry/main_cli.go:139.16,140.27 1 0
SettingsSentry/main_cli.go:141.10,142.50 1 0
SettingsSentry/main_cli.go:147.87,166.2 15 0
SettingsSentry/main_cli.go:169.42,171.16 2 0
SettingsSentry/main_cli.go:171.16,173.3 1 0
SettingsSentry/main_cli.go:174.2,174.12 1 0
SettingsSentry/main_cli.go:178.66,181.24 3 0
SettingsSentry/main_cli.go:181.24,183.3 1 0
SettingsSentry/main_cli.go:185.2,186.16 2 0
SettingsSentry/main_cli.go:186.16,188.3 1 0
SettingsSentry/main_cli.go:189.2,190.12 2 0
SettingsSentry/main_cli.go:194.37,196.16 2 0
SettingsSentry/main_cli.go:196.16,198.3 1 0
SettingsSentry/main_cli.go:199.2,200.12 2 0
SettingsSentry/main_cli.go:204.26,225.16 20 0
SettingsSentry/main_cli.go:225.16,228.3 2 0
SettingsSentry/main_cli.go:230.2,230.15 1 0
SettingsSentry/main_cli.go:230.15,232.3 1 0
SettingsSentry/main_cli.go:238.40,240.37 2 0
SettingsSentry/main_cli.go:240.37,241.22 1 0
SettingsSentry/main_cli.go:241.22,243.4 1 0
SettingsSentry/main_cli.go:245.2,245.14 1 0
SettingsSentry/main_cli.go:249.57,251.17 2 0
SettingsSentry/main_cli.go:251.17,253.3 1 0
SettingsSentry/main_cli.go:254.2,254.14 1 0
SettingsSentry/pkg/backup/backup.go:28.87,31.16 2 1
SettingsSentry/pkg/backup/backup.go:31.16,34.3 2 1
SettingsSentry/pkg/backup/backup.go:37.2,38.16 2 1
SettingsSentry/pkg/backup/backup.go:38.16,41.3 2 0
SettingsSentry/pkg/backup/backup.go:42.2,47.32 5 1
SettingsSentry/pkg/backup/backup.go:47.32,53.12 5 1
SettingsSentry/pkg/backup/backup.go:53.12,55.4 1 1
SettingsSentry/pkg/backup/backup.go:55.9,55.23 1 1
SettingsSentry/pkg/backup/backup.go:55.23,57.4 1 1
SettingsSentry/pkg/backup/backup.go:57.9,58.12 1 0
SettingsSentry/pkg/backup/backup.go:61.3,62.22 2 1
SettingsSentry/pkg/backup/backup.go:62.22,63.12 1 1
SettingsSentry/pkg/backup/backup.go:66.3,66.43 1 1
SettingsSentry/pkg/backup/backup.go:66.43,71.4 4 1
SettingsSentry/pkg/backup/backup.go:74.2,74.19 1 1
SettingsSentry/pkg/backup/backup.go:74.19,77.3 2 1
SettingsSentry/pkg/backup/backup.go:79.2,79.37 1 1
SettingsSentry/pkg/backup/backup.go:83.71,84.22 1 1
SettingsSentry/pkg/backup/backup.go:84.22,86.3 1 1
SettingsSentry/pkg/backup/backup.go:88.2,89.16 2 1
SettingsSentry/pkg/backup/backup.go:89.16,90.25 1 1
SettingsSentry/pkg/backup/backup.go:90.25,92.4 1 1
SettingsSentry/pkg/backup/backup.go:93.3,93.80 1 0
SettingsSentry/pkg/backup/backup.go:96.2,97.16 2 1
SettingsSentry/pkg/backup/backup.go:97.16,99.3 1 0
SettingsSentry/pkg/backup/backup.go:101.2,108.32 3 1
SettingsSentry/pkg/backup/backup.go:108.32,114.12 5 1
SettingsSentry/pkg/backup/backup.go:114.12,116.4 1 1
SettingsSentry/pkg/backup/backup.go:116.9,116.23 1 1
SettingsSentry/pkg/backup/backup.go:116.23,118.4 1 1
SettingsSentry/pkg/backup/backup.go:118.9,119.12 1 0
SettingsSentry/pkg/backup/backup.go:122.3,123.22 2 1
SettingsSentry/pkg/backup/backup.go:123.22,124.12 1 0
SettingsSentry/pkg/backup/backup.go:127.3,131.5 1 1
SettingsSentry/pkg/backup/backup.go:134.2,134.43 1 1
SettingsSentry/pkg/backup/backup.go:134.43,136.3 1 1
SettingsSentry/pkg/backup/backup.go:138.2,138.33 1 1
SettingsSentry/pkg/backup/backup.go:138.33,139.48 1 1
SettingsSentry/pkg/backup/backup.go:139.48,141.22 2 1
SettingsSentry/pkg/backup/backup.go:141.22,142.31 1 0
SettingsSentry/pkg/backup/backup.go:142.31,144.14 2 0
SettingsSentry/pkg/backup/backup.go:146.5,147.13 2 0
SettingsSentry/pkg/backup/backup.go:149.4,149.14 1 1
SettingsSentry/pkg/backup/backup.go:149.14,151.5 1 1
SettingsSentry/pkg/backup/backup.go:151.10,154.19 3 1
SettingsSentry/pkg/backup/backup.go:154.19,156.6 1 0
SettingsSentry/pkg/backup/backup.go:161.2,161.12 1 1
SettingsSentry/pkg/backup/backup.go:165.38,166.15 1 1
SettingsSentry/pkg/backup/backup.go:166.15,167.34 1 0
SettingsSentry/pkg/backup/backup.go:169.2,169.22 1 1
SettingsSentry/pkg/backup/backup.go:169.22,170.41 1 0
SettingsSentry/pkg/backup/backup.go:172.2,173.16 2 1
SettingsSentry/pkg/backup/backup.go:173.16,176.3 2 1
SettingsSentry/pkg/backup/backup.go:177.2,177.15 1 1
SettingsSentry/pkg/backup/backup.go:177.15,178.41 1 1
SettingsSentry/pkg/backup/backup.go:178.41,180.4 1 0
SettingsSentry/pkg/backup/backup.go:183.2,184.16 2 1
SettingsSentry/pkg/backup/backup.go:184.16,186.3 1 1
SettingsSentry/pkg/backup/backup.go:188.2,189.16 2 1
SettingsSentry/pkg/backup/backup.go:189.16,191.3 1 0
SettingsSentry/pkg/backup/backup.go:192.2,192.15 1 1
SettingsSentry/pkg/backup/backup.go:192.15,193.41 1 1
SettingsSentry/pkg/backup/backup.go:193.41,195.4 1 0
SettingsSentry/pkg/backup/backup.go:198.2,199.16 2 1
SettingsSentry/pkg/backup/backup.go:199.16,201.3 1 0
SettingsSentry/pkg/backup/backup.go:202.2,202.12 1 1
SettingsSentry/pkg/backup/backup.go:206.43,208.16 2 1
SettingsSentry/pkg/backup/backup.go:208.16,210.3 1 1
SettingsSentry/pkg/backup/backup.go:212.2,213.16 2 1
SettingsSentry/pkg/backup/backup.go:213.16,215.3 1 0
SettingsSentry/pkg/backup/backup.go:217.2,218.16 2 1
SettingsSentry/pkg/backup/backup.go:218.16,220.3 1 0
SettingsSentry/pkg/backup/backup.go:222.2,222.32 1 1
SettingsSentry/pkg/backup/backup.go:222.32,226.20 3 1
SettingsSentry/pkg/backup/backup.go:226.20,228.18 2 1
SettingsSentry/pkg/backup/backup.go:228.18,230.5 1 0
SettingsSentry/pkg/backup/backup.go:231.9,233.18 2 1
SettingsSentry/pkg/backup/backup.go:233.18,235.5 1 0
SettingsSentry/pkg/backup/backup.go:239.2,239.12 1 1
SettingsSentry/pkg/backup/backup.go:244.164,247.16 2 1
SettingsSentry/pkg/backup/backup.go:247.16,250.3 2 0
SettingsSentry/pkg/backup/backup.go:253.2,253.51 1 1
SettingsSentry/pkg/backup/backup.go:253.51,256.3 2 0
SettingsSentry/pkg/backup/backup.go:259.2,259.26 1 1
SettingsSentry/pkg/backup/backup.go:259.26,260.16 1 1
SettingsSentry/pkg/backup/backup.go:260.16,262.55 2 1
SettingsSentry/pkg/backup/backup.go:262.55,264.5 1 0
SettingsSentry/pkg/backup/backup.go:269.2,270.16 2 1
SettingsSentry/pkg/backup/backup.go:270.16,273.3 2 0
SettingsSentry/pkg/backup/backup.go:275.2,281.37 4 1
SettingsSentry/pkg/backup/backup.go:281.37,282.62 1 1
SettingsSentry/pkg/backup/backup.go:282.62,283.12 1 0
SettingsSentry/pkg/backup/backup.go:285.3,288.17 3 1
SettingsSentry/pkg/backup/backup.go:288.17,290.12 2 0
SettingsSentry/pkg/backup/backup.go:293.3,293.21 1 1
SettingsSentry/pkg/backup/backup.go:293.21,295.12 2 0
SettingsSentry/pkg/backup/backup.go:297.3,306.16 7 1
SettingsSentry/pkg/backup/backup.go:306.16,309.22 3 1
SettingsSentry/pkg/backup/backup.go:309.22,311.13 2 0
SettingsSentry/pkg/backup/backup.go:314.4,314.25 1 1
SettingsSentry/pkg/backup/backup.go:314.25,317.23 3 1
SettingsSentry/pkg/backup/backup.go:317.23,319.14 2 0
SettingsSentry/pkg/backup/backup.go:321.5,321.18 1 1
SettingsSentry/pkg/backup/backup.go:321.18,322.26 1 1
SettingsSentry/pkg/backup/backup.go:322.26,323.47 1 1
SettingsSentry/pkg/backup/backup.go:323.47,325.8 1 0
SettingsSentry/pkg/backup/backup.go:329.5,330.38 2 1
SettingsSentry/pkg/backup/backup.go:330.38,332.6 1 1
SettingsSentry/pkg/backup/backup.go:337.3,337.27 1 1
SettingsSentry/pkg/backup/backup.go:337.27,338.52 1 0
SettingsSentry/pkg/backup/backup.go:338.52,339.15 1 0
SettingsSentry/pkg/backup/backup.go:339.15,341.14 2 0
SettingsSentry/pkg/backup/backup.go:343.5,343.77 1 0
SettingsSentry/pkg/backup/backup.go:343.77,344.48 1 0
SettingsSentry/pkg/backup/backup.go:344.48,346.7 1 0
SettingsSentry/pkg/backup/backup.go:347.6,347.16 1 0
SettingsSentry/pkg/backup/backup.go:349.5,349.19 1 0
SettingsSentry/pkg/backup/backup.go:349.19,351.6 1 0
SettingsSentry/pkg/backup/backup.go:353.4,353.53 1 0
SettingsSentry/pkg/backup/backup.go:353.53,354.15 1 0
SettingsSentry/pkg/backup/backup.go:354.15,356.14 2 0
SettingsSentry/pkg/backup/backup.go:358.5,358.78 1 0
SettingsSentry/pkg/backup/backup.go:358.78,359.48 1 0
SettingsSentry/pkg/backup/backup.go:359.48,361.7 1 0
SettingsSentry/pkg/backup/backup.go:362.6,362.16 1 0
SettingsSentry/pkg/backup/backup.go:364.5,364.19 1 0
SettingsSentry/pkg/backup/backup.go:364.19,366.6 1 0
SettingsSentry/pkg/backup/backup.go:370.3,370.40 1 1
SettingsSentry/pkg/backup/backup.go:370.40,379.20 6 1
SettingsSentry/pkg/backup/backup.go:379.20,381.22 2 1
SettingsSentry/pkg/backup/backup.go:381.22,383.6 1 1
SettingsSentry/pkg/backup/backup.go:383.11,385.6 1 0
SettingsSentry/pkg/backup/backup.go:386.5,389.27 3 1
SettingsSentry/pkg/backup/backup.go:389.27,390.14 1 0
SettingsSentry/pkg/backup/backup.go:391.11,391.26 1 1
SettingsSentry/pkg/backup/backup.go:391.26,393.14 2 0
SettingsSentry/pkg/backup/backup.go:396.5,396.15 1 1
SettingsSentry/pkg/backup/backup.go:396.15,398.23 2 0
SettingsSentry/pkg/backup/backup.go:398.23,401.7 2 0
SettingsSentry/pkg/backup/backup.go:401.12,403.7 1 0
SettingsSentry/pkg/backup/backup.go:404.11,406.20 2 1
SettingsSentry/pkg/backup/backup.go:406.20,408.15 2 0
SettingsSentry/pkg/backup/backup.go:411.10,415.20 3 1
SettingsSentry/pkg/backup/backup.go:415.20,417.6 1 1
SettingsSentry/pkg/backup/backup.go:417.11,419.6 1 0
SettingsSentry/pkg/backup/backup.go:422.4,422.34 1 1
SettingsSentry/pkg/backup/backup.go:422.34,423.69 1 0
SettingsSentry/pkg/backup/backup.go:423.69,425.32 2 0
SettingsSentry/pkg/backup/backup.go:425.32,426.17 1 0
SettingsSentry/pkg/backup/backup.go:426.17,428.8 1 0
SettingsSentry/pkg/backup/backup.go:429.7,429.17 1 0
SettingsSentry/pkg/backup/backup.go:430.12,430.31 1 0
SettingsSentry/pkg/backup/backup.go:430.31,433.7 2 0
SettingsSentry/pkg/backup/backup.go:435.6,436.23 2 0
SettingsSentry/pkg/backup/backup.go:436.23,439.7 2 0
SettingsSentry/pkg/backup/backup.go:441.6,443.16 2 0
SettingsSentry/pkg/backup/backup.go:443.16,446.7 2 0
SettingsSentry/pkg/backup/backup.go:448.6,448.79 1 0
SettingsSentry/pkg/backup/backup.go:448.79,451.7 2 0
SettingsSentry/pkg/backup/backup.go:453.6,453.93 1 0
SettingsSentry/pkg/backup/backup.go:453.93,456.7 2 0
SettingsSentry/pkg/backup/backup.go:458.6,459.16 2 0
SettingsSentry/pkg/backup/backup.go:462.5,462.19 1 0
SettingsSentry/pkg/backup/backup.go:462.19,464.6 1 0
SettingsSentry/pkg/backup/backup.go:465.5,465.13 1 0
SettingsSentry/pkg/backup/backup.go:470.4,470.17 1 1
SettingsSentry/pkg/backup/backup.go:470.17,476.20 5 1
SettingsSentry/pkg/backup/backup.go:476.20,477.27 1 1
SettingsSentry/pkg/backup/backup.go:477.27,479.7 1 1
SettingsSentry/pkg/backup/backup.go:479.12,482.7 2 0
SettingsSentry/pkg/backup/backup.go:483.11,485.24 2 0
SettingsSentry/pkg/backup/backup.go:485.24,487.7 1 0
SettingsSentry/pkg/backup/backup.go:490.5,490.28 1 1
SettingsSentry/pkg/backup/backup.go:490.28,491.24 1 0
SettingsSentry/pkg/backup/backup.go:491.24,493.15 2 0
SettingsSentry/pkg/backup/backup.go:496.6,496.70 1 0
SettingsSentry/pkg/backup/backup.go:496.70,500.22 3 0
SettingsSentry/pkg/backup/backup.go:500.22,502.22 2 0
SettingsSentry/pkg/backup/backup.go:502.22,504.9 1 0
SettingsSentry/pkg/backup/backup.go:505.8,507.57 2 0
SettingsSentry/pkg/backup/backup.go:507.57,511.9 2 0
SettingsSentry/pkg/backup/backup.go:512.8,512.21 1 0
SettingsSentry/pkg/backup/backup.go:512.21,513.67 1 0
SettingsSentry/pkg/backup/backup.go:513.67,515.10 1 0
SettingsSentry/pkg/backup/backup.go:518.8,519.22 2 0
SettingsSentry/pkg/backup/backup.go:519.22,522.9 2 0
SettingsSentry/pkg/backup/backup.go:523.8,523.58 1 0
SettingsSentry/pkg/backup/backup.go:524.13,526.8 1 0
SettingsSentry/pkg/backup/backup.go:528.7,528.25 1 0
SettingsSentry/pkg/backup/backup.go:528.25,531.8 2 0
SettingsSentry/pkg/backup/backup.go:533.7,534.24 2 0
SettingsSentry/pkg/backup/backup.go:534.24,537.8 2 0
SettingsSentry/pkg/backup/backup.go:539.7,539.17 1 0
SettingsSentry/pkg/backup/backup.go:539.17,542.8 2 0
SettingsSentry/pkg/backup/backup.go:544.7,544.71 1 0
SettingsSentry/pkg/backup/backup.go:544.71,547.8 2 0
SettingsSentry/pkg/backup/backup.go:549.7,549.81 1 0
SettingsSentry/pkg/backup/backup.go:549.81,552.8 2 0
SettingsSentry/pkg/backup/backup.go:554.7,555.17 2 0
SettingsSentry/pkg/backup/backup.go:558.6,558.20 1 0
SettingsSentry/pkg/backup/backup.go:558.20,560.7 1 0
SettingsSentry/pkg/backup/backup.go:561.6,561.14 1 0
SettingsSentry/pkg/backup/backup.go:567.4,567.16 1 1
SettingsSentry/pkg/backup/backup.go:567.16,568.65 1 1
SettingsSentry/pkg/backup/backup.go:568.65,570.28 2 1
SettingsSentry/pkg/backup/backup.go:570.28,571.17 1 0
SettingsSentry/pkg/backup/backup.go:571.17,573.8 1 0
SettingsSentry/pkg/backup/backup.go:574.7,574.17 1 0
SettingsSentry/pkg/backup/backup.go:575.12,575.27 1 1
SettingsSentry/pkg/backup/backup.go:575.27,578.7 2 0
SettingsSentry/pkg/backup/backup.go:580.6,580.16 1 1
SettingsSentry/pkg/backup/backup.go:580.16,583.7 2 0
SettingsSentry/pkg/backup/backup.go:585.6,585.22 1 1
SettingsSentry/pkg/backup/backup.go:585.22,587.7 1 0
SettingsSentry/pkg/backup/backup.go:587.12,589.7 1 1
SettingsSentry/pkg/backup/backup.go:591.6,591.20 1 1
SettingsSentry/pkg/backup/backup.go:591.20,594.7 2 0
SettingsSentry/pkg/backup/backup.go:596.6,597.23 2 1
SettingsSentry/pkg/backup/backup.go:597.23,599.7 1 1
SettingsSentry/pkg/backup/backup.go:600.6,601.16 2 1
SettingsSentry/pkg/backup/backup.go:604.5,604.19 1 1
SettingsSentry/pkg/backup/backup.go:604.19,606.6 1 0
SettingsSentry/pkg/backup/backup.go:607.10,608.66 1 1
SettingsSentry/pkg/backup/backup.go:608.66,610.16 1 1
SettingsSentry/pkg/backup/backup.go:610.16,613.7 2 0
SettingsSentry/pkg/backup/backup.go:615.6,616.20 2 1
SettingsSentry/pkg/backup/backup.go:616.20,619.7 2 0
SettingsSentry/pkg/backup/backup.go:621.6,621.21 1 1
SettingsSentry/pkg/backup/backup.go:621.21,626.7 1 1
SettingsSentry/pkg/backup/backup.go:626.12,628.25 2 0
SettingsSentry/pkg/backup/backup.go:628.25,631.8 1 0
SettingsSentry/pkg/backup/backup.go:632.7,632.35 1 0
SettingsSentry/pkg/backup/backup.go:632.35,634.8 1 0
SettingsSentry/pkg/backup/backup.go:634.13,636.8 1 0
SettingsSentry/pkg/backup/backup.go:639.6,639.20 1 1
SettingsSentry/pkg/backup/backup.go:639.20,642.7 2 0
SettingsSentry/pkg/backup/backup.go:644.6,645.16 2 1
SettingsSentry/pkg/backup/backup.go:648.5,648.19 1 1
SettingsSentry/pkg/backup/backup.go:648.19,650.6 1 0
SettingsSentry/pkg/backup/backup.go:654.3,654.36 1 1
SettingsSentry/pkg/backup/backup.go:654.36,657.4 2 0
SettingsSentry/pkg/backup/backup.go:660.2,660.15 1 1
SettingsSentry/pkg/backup/backup.go:660.15,662.3 1 0
SettingsSentry/pkg/backup/backup.go:665.2,665.45 1 1
SettingsSentry/pkg/backup/backup.go:665.45,667.3 1 0
SettingsSentry/pkg/backup/backup.go:671.62,673.16 2 1
SettingsSentry/pkg/backup/backup.go:673.16,675.3 1 0
SettingsSentry/pkg/backup/backup.go:676.2,676.15 1 1
SettingsSentry/pkg/backup/backup.go:676.15,677.41 1 1
SettingsSentry/pkg/backup/backup.go:677.41,679.4 1 0
SettingsSentry/pkg/backup/backup.go:682.2,683.15 2 1
SettingsSentry/pkg/backup/backup.go:683.15,684.43 1 1
SettingsSentry/pkg/backup/backup.go:684.43,686.4 1 0
SettingsSentry/pkg/backup/backup.go:689.2,689.90 1 1
SettingsSentry/pkg/backup/backup.go:689.90,690.17 1 1
SettingsSentry/pkg/backup/backup.go:690.17,692.4 1 1
SettingsSentry/pkg/backup/backup.go:694.3,695.17 2 1
SettingsSentry/pkg/backup/backup.go:695.17,697.4 1 0
SettingsSentry/pkg/backup/backup.go:699.3,699.21 1 1
SettingsSentry/pkg/backup/backup.go:699.21,701.4 1 1
SettingsSentry/pkg/backup/backup.go:703.3,704.17 2 1
SettingsSentry/pkg/backup/backup.go:704.17,706.4 1 0
SettingsSentry/pkg/backup/backup.go:708.3,713.17 4 1
SettingsSentry/pkg/backup/backup.go:713.17,715.4 1 0
SettingsSentry/pkg/backup/backup.go:717.3,717.19 1 1
SettingsSentry/pkg/backup/backup.go:717.19,719.4 1 1
SettingsSentry/pkg/backup/backup.go:721.3,722.17 2 1
SettingsSentry/pkg/backup/backup.go:722.17,724.4 1 0
SettingsSentry/pkg/backup/backup.go:725.3,725.16 1 1
SettingsSentry/pkg/backup/backup.go:725.16,726.44 1 1
SettingsSentry/pkg/backup/backup.go:726.44,728.5 1 0
SettingsSentry/pkg/backup/backup.go:731.3,732.17 2 1
SettingsSentry/pkg/backup/backup.go:732.17,734.4 1 0
SettingsSentry/pkg/backup/backup.go:736.3,736.13 1 1
SettingsSentry/pkg/backup/backup.go:739.2,739.16 1 1
SettingsSentry/pkg/backup/backup.go:739.16,741.3 1 1
SettingsSentry/pkg/backup/backup.go:743.2,743.12 1 1
SettingsSentry/pkg/backup/backup.go:747.71,749.16 2 1
SettingsSentry/pkg/backup/backup.go:749.16,751.3 1 1
SettingsSentry/pkg/backup/backup.go:752.2,752.15 1 1
SettingsSentry/pkg/backup/backup.go:752.15,753.35 1 1
SettingsSentry/pkg/backup/backup.go:753.35,755.4 1 0
SettingsSentry/pkg/backup/backup.go:758.2,761.27 3 1
SettingsSentry/pkg/backup/backup.go:761.27,762.70 1 1
SettingsSentry/pkg/backup/backup.go:762.70,766.27 4 1
SettingsSentry/pkg/backup/backup.go:766.27,769.5 2 1
SettingsSentry/pkg/backup/backup.go:769.10,776.19 5 1
SettingsSentry/pkg/backup/backup.go:776.19,778.6 1 0
SettingsSentry/pkg/backup/backup.go:779.5,780.19 2 1
SettingsSentry/pkg/backup/backup.go:780.19,782.6 1 0
SettingsSentry/pkg/backup/backup.go:783.5,783.63 1 1
SettingsSentry/pkg/backup/backup.go:783.63,785.6 1 0
SettingsSentry/pkg/backup/backup.go:788.4,788.28 1 1
SettingsSentry/pkg/backup/backup.go:788.28,789.67 1 1
SettingsSentry/pkg/backup/backup.go:789.67,791.6 1 0
SettingsSentry/pkg/backup/backup.go:792.5,792.13 1 1
SettingsSentry/pkg/backup/backup.go:795.4,795.78 1 1
SettingsSentry/pkg/backup/backup.go:795.78,797.5 1 0
SettingsSentry/pkg/backup/backup.go:799.4,800.18 2 1
SettingsSentry/pkg/backup/backup.go:800.18,802.5 1 0
SettingsSentry/pkg/backup/backup.go:804.4,805.18 2 1
SettingsSentry/pkg/backup/backup.go:805.18,808.5 2 0
SettingsSentry/pkg/backup/backup.go:810.4,815.25 4 1
SettingsSentry/pkg/backup/backup.go:815.25,817.5 1 0
SettingsSentry/pkg/backup/backup.go:818.4,818.26 1 1
SettingsSentry/pkg/backup/backup.go:818.26,820.5 1 0
SettingsSentry/pkg/backup/backup.go:822.4,822.18 1 1
SettingsSentry/pkg/backup/backup.go:822.18,824.5 1 0
SettingsSentry/pkg/backup/backup.go:825.4,825.26 1 1
SettingsSentry/pkg/backup/backup.go:825.26,827.5 1 0
SettingsSentry/pkg/backup/backup.go:828.4,828.25 1 1
SettingsSentry/pkg/backup/backup.go:828.25,830.5 1 0
SettingsSentry/pkg/backup/backup.go:834.2,834.12 1 1
SettingsSentry/pkg/backup/backup.go:834.12,837.3 1 1
SettingsSentry/pkg/backup/backup.go:839.2,839.12 1 1
SettingsSentry/pkg/backup/backup_operations.go:37.184,42.63 3 1
SettingsSentry/pkg/backup/backup_operations.go:42.63,44.17 2 0
SettingsSentry/pkg/backup/backup_operations.go:44.17,46.4 1 0
SettingsSentry/pkg/backup/backup_operations.go:47.3,47.56 1 0
SettingsSentry/pkg/backup/backup_operations.go:50.2,51.16 2 1
SettingsSentry/pkg/backup/backup_operations.go:51.16,53.3 1 0
SettingsSentry/pkg/backup/backup_operations.go:55.2,73.17 3 1
SettingsSentry/pkg/backup/backup_operations.go:77.56,78.18 1 1
SettingsSentry/pkg/backup/backup_operations.go:78.18,79.13 1 1
SettingsSentry/pkg/backup/backup_operations.go:79.13,81.4 1 0
SettingsSentry/pkg/backup/backup_operations.go:81.9,83.18 2 1
SettingsSentry/pkg/backup/backup_operations.go:83.18,85.5 1 0
SettingsSentry/pkg/backup/backup_operations.go:87.8,89.17 2 1
SettingsSentry/pkg/backup/backup_operations.go:89.17,91.4 1 0
SettingsSentry/pkg/backup/backup_operations.go:95.2,95.35 1 1
SettingsSentry/pkg/backup/backup_operations.go:95.35,97.17 2 1
SettingsSentry/pkg/backup/backup_operations.go:97.17,99.4 1 0
SettingsSentry/pkg/backup/backup_operations.go:100.3,101.76 2 1
SettingsSentry/pkg/backup/backup_operations.go:104.2,104.12 1 1
SettingsSentry/pkg/backup/backup_operations.go:108.79,110.16 2 1
SettingsSentry/pkg/backup/backup_operations.go:110.16,112.3 1 0
SettingsSentry/pkg/backup/backup_operations.go:114.2,118.16 4 1
SettingsSentry/pkg/backup/backup_operations.go:118.16,120.3 1 0
SettingsSentry/pkg/backup/backup_operations.go:122.2,122.21 1 1
SettingsSentry/pkg/backup/backup_operations.go:122.21,124.3 1 0
SettingsSentry/pkg/backup/backup_operations.go:126.2,126.30 1 1
SettingsSentry/pkg/backup/backup_operations.go:130.84,131.28 1 1
SettingsSentry/pkg/backup/backup_operations.go:131.28,133.3 1 1
SettingsSentry/pkg/backup/backup_operations.go:135.2,136.29 2 0
SettingsSentry/pkg/backup/backup_operations.go:136.29,137.62 1 0
SettingsSentry/pkg/backup/backup_operations.go:137.62,138.12 1 0
SettingsSentry/pkg/backup/backup_operations.go:141.3,142.49 2 0
SettingsSentry/pkg/backup/backup_operations.go:142.49,143.72 1 0
SettingsSentry/pkg/backup/backup_operations.go:143.72,145.10 2 0
SettingsSentry/pkg/backup/backup_operations.go:149.2,149.17 1 0
SettingsSentry/pkg/backup/backup_operations.go:153.100,155.16 2 0
SettingsSentry/pkg/backup/backup_operations.go:155.16,157.3 1 0
SettingsSentry/pkg/backup/backup_operations.go:159.2,160.35 2 0
SettingsSentry/pkg/backup/backup_operations.go:160.35,162.3 1 0
SettingsSentry/pkg/backup/backup_operations.go:164.2,164.35 1 0
SettingsSentry/pkg/backup/backup_operations.go:168.75,169.41 1 1
SettingsSentry/pkg/backup/backup_operations.go:169.41,171.3 1 1
SettingsSentry/pkg/backup/backup_operations.go:171.8,171.87 1 0
SettingsSentry/pkg/backup/backup_operations.go:171.87,173.3 1 0
SettingsSentry/pkg/backup/backup_operations.go:173.8,173.47 1 0
SettingsSentry/pkg/backup/backup_operations.go:173.47,175.3 1 0
SettingsSentry/pkg/backup/backup_operations.go:176.2,176.19 1 0
SettingsSentry/pkg/backup/backup_operations.go:180.75,182.24 2 0
SettingsSentry/pkg/backup/backup_operations.go:182.24,183.13 1 0
SettingsSentry/pkg/backup/backup_operations.go:183.13,185.4 1 0
SettingsSentry/pkg/backup/backup_operations.go:186.3,186.13 1 0
SettingsSentry/pkg/backup/backup_operations.go:187.8,187.23 1 0
SettingsSentry/pkg/backup/backup_operations.go:187.23,189.3 1 0
SettingsSentry/pkg/backup/backup_operations.go:191.2,191.12 1 0
SettingsSentry/pkg/backup/backup_operations.go:191.12,193.20 2 0
SettingsSentry/pkg/backup/backup_operations.go:193.20,195.4 1 0
SettingsSentry/pkg/backup/backup_operations.go:196.3,197.13 2 0
SettingsSentry/pkg/backup/backup_operations.go:200.2,200.18 1 0
SettingsSentry/pkg/backup/backup_operations.go:200.18,202.3 1 0
SettingsSentry/pkg/backup/backup_operations.go:202.8,204.3 1 0
SettingsSentry/pkg/backup/backup_operations.go:206.2,206.16 1 0
SettingsSentry/pkg/backup/backup_operations.go:206.16,208.3 1 0
SettingsSentry/pkg/backup/backup_operations.go:210.2,211.19 2 0
SettingsSentry/pkg/backup/backup_operations.go:211.19,213.3 1 0
SettingsSentry/pkg/backup/backup_operations.go:214.2,215.12 2 0
SettingsSentry/pkg/backup/backup_operations.go:219.118,220.12 1 0
SettingsSentry/pkg/backup/backup_operations.go:220.12,223.3 2 0
SettingsSentry/pkg/backup/backup_operations.go:225.2,226.16 2 0
SettingsSentry/pkg/backup/backup_operations.go:226.16,228.3 1 0
SettingsSentry/pkg/backup/backup_operations.go:230.2,230.17 1 0
SettingsSentry/pkg/backup/backup_operations.go:230.17,232.3 1 0
SettingsSentry/pkg/backup/backup_operations.go:232.8,234.21 2 0
SettingsSentry/pkg/backup/backup_operations.go:234.21,236.4 1 0
SettingsSentry/pkg/backup/backup_operations.go:237.3,237.31 1 0
SettingsSentry/pkg/backup/backup_operations.go:237.31,239.4 1 0
SettingsSentry/pkg/backup/backup_operations.go:239.9,241.4 1 0
SettingsSentry/pkg/backup/backup_operations.go:244.2,244.16 1 0
SettingsSentry/pkg/backup/backup_operations.go:244.16,246.3 1 0
SettingsSentry/pkg/backup/backup_operations.go:248.2,249.12 2 0
SettingsSentry/pkg/backup/backup_operations.go:253.76,255.24 2 0
SettingsSentry/pkg/backup/backup_operations.go:255.24,256.13 1 0
SettingsSentry/pkg/backup/backup_operations.go:256.13,258.4 1 0
SettingsSentry/pkg/backup/backup_operations.go:259.3,259.13 1 0
SettingsSentry/pkg/backup/backup_operations.go:260.8,260.23 1 0
SettingsSentry/pkg/backup/backup_operations.go:260.23,262.3 1 0
SettingsSentry/pkg/backup/backup_operations.go:264.2,265.16 2 0
SettingsSentry/pkg/backup/backup_operations.go:265.16,267.3 1 0
SettingsSentry/pkg/backup/backup_operations.go:269.2,271.12 2 0
SettingsSentry/pkg/backup/backup_operations.go:271.12,274.3 2 0
SettingsSentry/pkg/backup/backup_operations.go:276.2,276.79 1 0
SettingsSentry/pkg/backup/backup_operations.go:276.79,278.3 1 0
SettingsSentry/pkg/backup/backup_operations.go:280.2,280.83 1 0
SettingsSentry/pkg/backup/backup_operations.go:280.83,282.3 1 0
SettingsSentry/pkg/backup/backup_operations.go:284.2,285.12 2 0
SettingsSentry/pkg/backup/backup_operations.go:289.134,293.17 3 0
SettingsSentry/pkg/backup/backup_operations.go:293.17,296.21 3 0
SettingsSentry/pkg/backup/backup_operations.go:296.21,298.4 1 0
SettingsSentry/pkg/backup/backup_operations.go:299.3,300.52 2 0
SettingsSentry/pkg/backup/backup_operations.go:300.52,303.4 2 0
SettingsSentry/pkg/backup/backup_operations.go:304.3,304.16 1 0
SettingsSentry/pkg/backup/backup_operations.go:304.16,305.62 1 0
SettingsSentry/pkg/backup/backup_operations.go:305.62,307.5 1 0
SettingsSentry/pkg/backup/backup_operations.go:310.3,311.17 2 0
SettingsSentry/pkg/backup/backup_operations.go:311.17,313.4 1 0
SettingsSentry/pkg/backup/backup_operations.go:314.3,314.49 1 0
SettingsSentry/pkg/backup/backup_operations.go:315.8,317.3 1 0
SettingsSentry/pkg/backup/backup_operations.go:319.2,319.16 1 0
SettingsSentry/pkg/backup/backup_operations.go:319.16,321.3 1 0
SettingsSentry/pkg/backup/backup_operations.go:323.2,324.16 2 0
SettingsSentry/pkg/backup/backup_operations.go:324.16,326.3 1 0
SettingsSentry/pkg/backup/backup_operations.go:328.2,328.12 1 0
SettingsSentry/pkg/backup/backup_operations.go:328.12,331.3 2 0
SettingsSentry/pkg/backup/backup_operations.go:333.2,333.70 1 0
SettingsSentry/pkg/backup/backup_operations.go:333.70,335.3 1 0
SettingsSentry/pkg/backup/backup_operations.go:337.2,337.70 1 0
SettingsSentry/pkg/backup/backup_operations.go:337.70,339.3 1 0
SettingsSentry/pkg/backup/backup_operations.go:341.2,342.12 2 0
SettingsSentry/pkg/backup/backup_operations.go:346.82,347.31 1 0
SettingsSentry/pkg/backup/backup_operations.go:347.31,348.13 1 0
SettingsSentry/pkg/backup/backup_operations.go:348.13,350.12 2 0
SettingsSentry/pkg/backup/backup_operations.go:352.3,352.77 1 0
SettingsSentry/pkg/backup/backup_operations.go:352.77,353.40 1 0
SettingsSentry/pkg/backup/backup_operations.go:353.40,355.5 1 0
SettingsSentry/pkg/backup/backup_operations.go:356.4,356.14 1 0
SettingsSentry/pkg/backup/backup_operations.go:358.3,358.17 1 0
SettingsSentry/pkg/backup/backup_operations.go:358.17,360.4 1 0
SettingsSentry/pkg/backup/backup_operations.go:365.50,366.35 1 1
SettingsSentry/pkg/backup/backup_operations.go:366.35,367.27 1 1
SettingsSentry/pkg/backup/backup_operations.go:367.27,369.4 1 0
SettingsSentry/pkg/backup/backup_operations.go:370.3,372.73 3 1
SettingsSentry/pkg/backup/backup_operations.go:372.73,374.4 1 0
SettingsSentry/pkg/backup/backup_operations.go:375.3,379.58 3 1
SettingsSentry/pkg/backup/backup_operations.go:379.58,381.4 1 0
SettingsSentry/pkg/backup/backup_operations.go:384.2,384.44 1 1
SettingsSentry/pkg/backup/backup_operations.go:384.44,386.17 2 1
SettingsSentry/pkg/backup/backup_operations.go:386.17,388.4 1 0
SettingsSentry/pkg/backup/backup_operations.go:391.2,391.12 1 1
SettingsSentry/pkg/backup/crypto.go:23.65,24.20 1 1
SettingsSentry/pkg/backup/crypto.go:24.20,26.3 1 1
SettingsSentry/pkg/backup/crypto.go:29.2,30.58 2 1
SettingsSentry/pkg/backup/crypto.go:30.58,32.3 1 0
SettingsSentry/pkg/backup/crypto.go:35.2,39.16 3 1
SettingsSentry/pkg/backup/crypto.go:39.16,41.3 1 0
SettingsSentry/pkg/backup/crypto.go:44.2,45.16 2 1
SettingsSentry/pkg/backup/crypto.go:45.16,47.3 1 0
SettingsSentry/pkg/backup/crypto.go:50.2,50.34 1 1
SettingsSentry/pkg/backup/crypto.go:50.34,52.3 1 0
SettingsSentry/pkg/backup/crypto.go:53.2,54.59 2 1
SettingsSentry/pkg/backup/crypto.go:54.59,56.3 1 0
SettingsSentry/pkg/backup/crypto.go:61.2,67.27 4 1
SettingsSentry/pkg/backup/crypto.go:72.69,73.20 1 1
SettingsSentry/pkg/backup/crypto.go:73.20,75.3 1 1
SettingsSentry/pkg/backup/crypto.go:78.2,78.45 1 1
SettingsSentry/pkg/backup/crypto.go:78.45,80.3 1 1
SettingsSentry/pkg/backup/crypto.go:81.2,90.16 6 1
SettingsSentry/pkg/backup/crypto.go:90.16,92.3 1 0
SettingsSentry/pkg/backup/crypto.go:95.2,96.16 2 1
SettingsSentry/pkg/backup/crypto.go:96.16,98.3 1 0
SettingsSentry/pkg/backup/crypto.go:101.2,101.35 1 1
SettingsSentry/pkg/backup/crypto.go:101.35,103.3 1 0
SettingsSentry/pkg/backup/crypto.go:106.2,107.16 2 1
SettingsSentry/pkg/backup/crypto.go:107.16,110.3 1 1
SettingsSentry/pkg/backup/crypto.go:112.2,112.23 1 1
