mode: atomic
SettingsSentry/interfaces/command.go:26.88,33.2 5 0
SettingsSentry/interfaces/command.go:36.118,41.16 3 0
SettingsSentry/interfaces/command.go:41.16,44.3 2 0
SettingsSentry/interfaces/command.go:46.2,47.16 2 0
SettingsSentry/interfaces/command.go:47.16,50.3 2 0
SettingsSentry/interfaces/command.go:53.2,53.36 1 0
SettingsSentry/interfaces/command.go:53.36,56.3 2 0
SettingsSentry/interfaces/command.go:59.2,59.12 1 0
SettingsSentry/interfaces/command.go:59.12,61.22 2 0
SettingsSentry/interfaces/command.go:61.22,63.28 2 0
SettingsSentry/interfaces/command.go:63.28,65.5 1 0
SettingsSentry/interfaces/command.go:70.2,70.12 1 0
SettingsSentry/interfaces/command.go:70.12,72.22 2 0
SettingsSentry/interfaces/command.go:72.22,74.28 2 0
SettingsSentry/interfaces/command.go:74.28,76.5 1 0
SettingsSentry/interfaces/command.go:81.2,82.19 2 0
SettingsSentry/interfaces/command.go:86.48,88.2 1 0
SettingsSentry/interfaces/filesystem.go:45.57,47.16 2 0
SettingsSentry/interfaces/filesystem.go:47.16,49.3 1 0
SettingsSentry/interfaces/filesystem.go:50.2,50.33 1 0
SettingsSentry/interfaces/filesystem.go:54.59,56.16 2 0
SettingsSentry/interfaces/filesystem.go:56.16,58.3 1 0
SettingsSentry/interfaces/filesystem.go:59.2,59.33 1 0
SettingsSentry/interfaces/filesystem.go:63.72,65.2 1 0
SettingsSentry/interfaces/filesystem.go:68.71,70.2 1 0
SettingsSentry/interfaces/filesystem.go:73.54,75.2 1 0
SettingsSentry/interfaces/filesystem.go:78.64,80.2 1 0
SettingsSentry/interfaces/filesystem.go:83.67,85.2 1 0
SettingsSentry/interfaces/filesystem.go:88.89,90.2 1 0
SettingsSentry/interfaces/filesystem.go:93.53,95.2 1 0
SettingsSentry/interfaces/filesystem.go:98.49,100.2 1 0
SettingsSentry/interfaces/filesystem.go:103.50,105.2 1 0
SettingsSentry/interfaces/filesystem.go:108.58,110.2 1 0
SettingsSentry/interfaces/filesystem.go:113.67,115.2 1 0
SettingsSentry/interfaces/filesystem.go:118.38,120.2 1 0
SettingsSentry/test/test_helpers.go:11.56,13.16 2 0
SettingsSentry/test/test_helpers.go:13.16,15.3 1 0
SettingsSentry/test/test_helpers.go:16.2,16.16 1 0
SettingsSentry/test/test_helpers.go:20.69,23.16 3 0
SettingsSentry/test/test_helpers.go:23.16,25.3 1 0
SettingsSentry/test/test_helpers.go:26.2,26.13 1 0
SettingsSentry/test/test_helpers.go:30.62,33.16 3 0
SettingsSentry/test/test_helpers.go:33.16,35.3 1 0
SettingsSentry/test/test_helpers.go:36.2,36.13 1 0
SettingsSentry/test/test_helpers.go:40.50,41.49 1 0
SettingsSentry/test/test_helpers.go:41.49,43.3 1 0
SettingsSentry/test/test_helpers.go:47.68,49.16 2 0
SettingsSentry/test/test_helpers.go:49.16,52.3 2 0
SettingsSentry/test/test_helpers.go:53.2,53.40 1 0
SettingsSentry/test/test_helpers.go:53.40,56.3 1 0
SettingsSentry/test/test_helpers.go:60.67,63.15 3 0
SettingsSentry/test/test_helpers.go:63.15,64.13 1 0
SettingsSentry/test/test_helpers.go:64.13,66.4 1 0
SettingsSentry/test/test_helpers.go:66.9,68.4 1 0
SettingsSentry/test/test_helpers.go:70.2,70.12 1 0
SettingsSentry/main.go:45.42,50.2 1 6
SettingsSentry/main.go:52.61,53.18 1 9
SettingsSentry/main.go:53.18,57.3 2 6
SettingsSentry/main.go:57.8,60.3 1 3
SettingsSentry/main.go:63.27,65.2 1 3
SettingsSentry/main.go:77.41,79.19 2 5
SettingsSentry/main.go:79.19,81.3 1 0
SettingsSentry/main.go:82.2,82.21 1 5
SettingsSentry/main.go:86.41,88.16 2 3
SettingsSentry/main.go:88.16,90.3 1 0
SettingsSentry/main.go:93.2,94.25 2 3
SettingsSentry/main.go:94.25,97.3 1 1
SettingsSentry/main.go:100.2,100.48 1 3
SettingsSentry/main.go:100.48,102.3 1 1
SettingsSentry/main.go:104.2,104.27 1 2
SettingsSentry/main.go:108.51,110.16 2 1
SettingsSentry/main.go:110.16,112.3 1 0
SettingsSentry/main.go:115.2,119.16 3 1
SettingsSentry/main.go:119.16,121.3 1 1
SettingsSentry/main.go:124.2,125.16 2 0
SettingsSentry/main.go:125.16,127.3 1 0
SettingsSentry/main.go:129.2,129.26 1 0
SettingsSentry/main.go:134.41,136.53 1 18
SettingsSentry/main.go:136.53,138.3 1 8
SettingsSentry/main.go:140.2,140.15 1 18
SettingsSentry/main.go:144.42,145.23 1 7
SettingsSentry/main.go:145.23,147.3 1 1
SettingsSentry/main.go:149.2,149.28 1 6
SettingsSentry/main.go:149.28,151.3 1 1
SettingsSentry/main.go:154.2,154.36 1 5
SettingsSentry/main.go:154.36,155.36 1 5
SettingsSentry/main.go:155.36,157.4 1 1
SettingsSentry/main.go:160.3,160.35 1 4
SettingsSentry/main.go:160.35,162.18 2 0
SettingsSentry/main.go:162.18,164.5 1 0
SettingsSentry/main.go:166.4,168.82 2 0
SettingsSentry/main.go:168.82,171.43 2 0
SettingsSentry/main.go:171.43,173.6 1 0
SettingsSentry/main.go:178.2,178.12 1 4
SettingsSentry/main.go:182.51,187.16 3 4
SettingsSentry/main.go:187.16,189.3 1 1
SettingsSentry/main.go:192.2,196.21 3 3
SettingsSentry/main.go:196.21,200.81 2 37
SettingsSentry/main.go:200.81,201.12 1 13
SettingsSentry/main.go:205.3,205.67 1 24
SettingsSentry/main.go:205.67,207.12 2 12
SettingsSentry/main.go:211.3,211.34 1 12
SettingsSentry/main.go:211.34,219.49 5 3
SettingsSentry/main.go:219.49,221.13 2 3
SettingsSentry/main.go:226.3,226.18 1 9
SettingsSentry/main.go:227.14,228.37 1 0
SettingsSentry/main.go:229.22,231.36 1 0
SettingsSentry/main.go:231.36,233.5 1 0
SettingsSentry/main.go:234.39,235.60 1 3
SettingsSentry/main.go:236.34,239.36 2 0
SettingsSentry/main.go:239.36,241.5 1 0
SettingsSentry/main.go:244.4,245.18 2 0
SettingsSentry/main.go:245.18,247.5 1 0
SettingsSentry/main.go:250.4,254.18 3 0
SettingsSentry/main.go:254.18,256.5 1 0
SettingsSentry/main.go:258.4,260.53 2 0
SettingsSentry/main.go:261.59,262.84 1 3
SettingsSentry/main.go:263.31,264.86 1 0
SettingsSentry/main.go:265.62,266.86 1 3
SettingsSentry/main.go:267.32,268.88 1 0
SettingsSentry/main.go:272.2,272.38 1 3
SettingsSentry/main.go:272.38,274.3 1 0
SettingsSentry/main.go:277.2,277.47 1 3
SettingsSentry/main.go:277.47,279.3 1 0
SettingsSentry/main.go:281.2,281.20 1 3
SettingsSentry/main.go:288.84,289.16 1 0
SettingsSentry/main.go:289.16,292.3 1 0
SettingsSentry/main.go:295.2,299.24 4 0
SettingsSentry/main.go:299.24,301.3 1 0
SettingsSentry/main.go:303.2,303.13 1 0
SettingsSentry/main.go:303.13,305.17 2 0
SettingsSentry/main.go:305.17,307.4 1 0
SettingsSentry/main.go:310.2,310.27 1 0
SettingsSentry/main.go:314.66,317.16 2 2
SettingsSentry/main.go:317.16,319.3 1 0
SettingsSentry/main.go:322.2,323.16 2 2
SettingsSentry/main.go:323.16,325.3 1 0
SettingsSentry/main.go:328.2,331.32 3 2
SettingsSentry/main.go:331.32,332.21 1 4
SettingsSentry/main.go:332.21,333.12 1 0
SettingsSentry/main.go:337.3,338.17 2 4
SettingsSentry/main.go:338.17,340.12 1 1
SettingsSentry/main.go:343.3,343.48 1 3
SettingsSentry/main.go:343.48,346.4 2 2
SettingsSentry/main.go:349.2,349.24 1 2
SettingsSentry/main.go:349.24,351.3 1 1
SettingsSentry/main.go:353.2,353.57 1 1
SettingsSentry/main.go:357.71,358.22 1 2
SettingsSentry/main.go:358.22,361.3 1 0
SettingsSentry/main.go:364.2,365.16 2 2
SettingsSentry/main.go:365.16,367.3 1 0
SettingsSentry/main.go:370.2,371.16 2 2
SettingsSentry/main.go:371.16,373.3 1 0
SettingsSentry/main.go:376.2,383.32 3 2
SettingsSentry/main.go:383.32,384.21 1 8
SettingsSentry/main.go:384.21,385.12 1 0
SettingsSentry/main.go:389.3,390.17 2 8
SettingsSentry/main.go:390.17,392.12 1 0
SettingsSentry/main.go:395.3,398.5 1 8
SettingsSentry/main.go:402.2,402.43 1 2
SettingsSentry/main.go:402.43,404.3 1 9
SettingsSentry/main.go:407.2,407.33 1 2
SettingsSentry/main.go:407.33,408.48 1 1
SettingsSentry/main.go:408.48,410.18 2 2
SettingsSentry/main.go:410.18,412.13 2 0
SettingsSentry/main.go:414.4,414.14 1 2
SettingsSentry/main.go:414.14,416.5 1 0
SettingsSentry/main.go:416.10,419.19 3 2
SettingsSentry/main.go:419.19,421.6 1 0
SettingsSentry/main.go:426.2,426.12 1 2
SettingsSentry/main.go:430.38,432.16 2 3
SettingsSentry/main.go:432.16,434.3 1 0
SettingsSentry/main.go:435.2,438.16 3 3
SettingsSentry/main.go:438.16,440.3 1 0
SettingsSentry/main.go:442.2,443.16 2 3
SettingsSentry/main.go:443.16,445.3 1 0
SettingsSentry/main.go:446.2,449.16 3 3
SettingsSentry/main.go:449.16,451.3 1 0
SettingsSentry/main.go:452.2,452.12 1 3
SettingsSentry/main.go:456.43,459.16 2 2
SettingsSentry/main.go:459.16,461.3 1 0
SettingsSentry/main.go:464.2,465.16 2 2
SettingsSentry/main.go:465.16,467.3 1 0
SettingsSentry/main.go:470.2,471.16 2 2
SettingsSentry/main.go:471.16,473.3 1 0
SettingsSentry/main.go:476.2,476.32 1 2
SettingsSentry/main.go:476.32,480.20 3 3
SettingsSentry/main.go:480.20,483.18 2 1
SettingsSentry/main.go:483.18,485.5 1 0
SettingsSentry/main.go:486.9,489.18 2 2
SettingsSentry/main.go:489.18,491.5 1 0
SettingsSentry/main.go:495.2,495.12 1 2
SettingsSentry/main.go:499.59,500.15 1 3
SettingsSentry/main.go:500.15,501.31 1 3
SettingsSentry/main.go:501.31,503.4 1 1
SettingsSentry/main.go:506.2,506.13 1 3
SettingsSentry/main.go:510.123,516.63 3 0
SettingsSentry/main.go:516.63,518.17 2 0
SettingsSentry/main.go:518.17,521.4 2 0
SettingsSentry/main.go:522.3,522.56 1 0
SettingsSentry/main.go:526.2,527.16 2 0
SettingsSentry/main.go:527.16,530.3 2 0
SettingsSentry/main.go:533.2,533.14 1 0
SettingsSentry/main.go:533.14,534.13 1 0
SettingsSentry/main.go:534.13,536.4 1 0
SettingsSentry/main.go:536.9,538.18 2 0
SettingsSentry/main.go:538.18,541.5 2 0
SettingsSentry/main.go:543.8,546.17 2 0
SettingsSentry/main.go:546.17,549.4 2 0
SettingsSentry/main.go:552.2,553.16 2 0
SettingsSentry/main.go:553.16,556.3 2 0
SettingsSentry/main.go:558.2,559.16 2 0
SettingsSentry/main.go:559.16,562.3 2 0
SettingsSentry/main.go:564.2,564.29 1 0
SettingsSentry/main.go:564.29,565.62 1 0
SettingsSentry/main.go:565.62,566.12 1 0
SettingsSentry/main.go:570.3,570.97 1 0
SettingsSentry/main.go:570.97,571.12 1 0
SettingsSentry/main.go:575.3,576.17 2 0
SettingsSentry/main.go:576.17,578.12 2 0
SettingsSentry/main.go:581.3,583.30 2 0
SettingsSentry/main.go:583.30,584.59 1 0
SettingsSentry/main.go:584.59,587.15 1 0
SettingsSentry/main.go:587.15,589.14 2 0
SettingsSentry/main.go:593.5,593.69 1 0
SettingsSentry/main.go:593.69,594.44 1 0
SettingsSentry/main.go:594.44,596.7 1 0
SettingsSentry/main.go:597.6,597.16 1 0
SettingsSentry/main.go:600.5,600.19 1 0
SettingsSentry/main.go:600.19,602.6 1 0
SettingsSentry/main.go:604.4,604.60 1 0
SettingsSentry/main.go:604.60,606.15 1 0
SettingsSentry/main.go:606.15,608.14 2 0
SettingsSentry/main.go:612.5,612.70 1 0
SettingsSentry/main.go:612.70,613.44 1 0
SettingsSentry/main.go:613.44,615.7 1 0
SettingsSentry/main.go:616.6,616.16 1 0
SettingsSentry/main.go:619.5,619.19 1 0
SettingsSentry/main.go:619.19,621.6 1 0
SettingsSentry/main.go:625.3,625.43 1 0
SettingsSentry/main.go:625.43,627.43 1 0
SettingsSentry/main.go:627.43,629.5 1 0
SettingsSentry/main.go:629.10,629.89 1 0
SettingsSentry/main.go:629.89,631.5 1 0
SettingsSentry/main.go:631.10,631.49 1 0
SettingsSentry/main.go:631.49,634.5 1 0
SettingsSentry/main.go:637.4,639.16 3 0
SettingsSentry/main.go:639.16,645.27 4 0
SettingsSentry/main.go:645.27,646.14 1 0
SettingsSentry/main.go:649.5,649.15 1 0
SettingsSentry/main.go:649.15,651.6 1 0
SettingsSentry/main.go:651.11,653.20 2 0
SettingsSentry/main.go:653.20,655.15 2 0
SettingsSentry/main.go:658.10,661.19 2 0
SettingsSentry/main.go:661.19,663.14 2 0
SettingsSentry/main.go:665.5,665.70 1 0
SettingsSentry/main.go:668.4,668.16 1 0
SettingsSentry/main.go:668.16,670.57 1 0
SettingsSentry/main.go:670.57,673.28 2 0
SettingsSentry/main.go:673.28,674.17 1 0
SettingsSentry/main.go:674.17,677.8 2 0
SettingsSentry/main.go:678.7,678.17 1 0
SettingsSentry/main.go:679.12,679.27 1 0
SettingsSentry/main.go:679.27,682.7 2 0
SettingsSentry/main.go:685.6,685.16 1 0
SettingsSentry/main.go:685.16,688.7 2 0
SettingsSentry/main.go:691.6,692.20 2 0
SettingsSentry/main.go:692.20,695.7 2 0
SettingsSentry/main.go:697.6,697.22 1 0
SettingsSentry/main.go:697.22,699.7 1 0
SettingsSentry/main.go:699.12,701.7 1 0
SettingsSentry/main.go:703.6,703.20 1 0
SettingsSentry/main.go:703.20,706.7 2 0
SettingsSentry/main.go:708.6,709.16 2 0
SettingsSentry/main.go:712.5,712.19 1 0
SettingsSentry/main.go:712.19,714.6 1 0
SettingsSentry/main.go:715.10,717.58 1 0
SettingsSentry/main.go:717.58,720.20 2 0
SettingsSentry/main.go:720.20,722.7 1 0
SettingsSentry/main.go:725.6,726.20 2 0
SettingsSentry/main.go:726.20,729.7 2 0
SettingsSentry/main.go:732.6,732.16 1 0
SettingsSentry/main.go:732.16,735.7 2 0
SettingsSentry/main.go:738.6,739.20 2 0
SettingsSentry/main.go:739.20,742.7 2 0
SettingsSentry/main.go:745.6,746.20 2 0
SettingsSentry/main.go:746.20,749.7 2 0
SettingsSentry/main.go:751.6,751.22 1 0
SettingsSentry/main.go:751.22,753.7 1 0
SettingsSentry/main.go:753.12,755.7 1 0
SettingsSentry/main.go:757.6,757.20 1 0
SettingsSentry/main.go:757.20,760.7 2 0
SettingsSentry/main.go:762.6,763.16 2 0
SettingsSentry/main.go:766.5,766.19 1 0
SettingsSentry/main.go:766.19,768.6 1 0
SettingsSentry/main.go:772.3,772.31 1 0
SettingsSentry/main.go:772.31,773.61 1 0
SettingsSentry/main.go:773.61,775.15 1 0
SettingsSentry/main.go:775.15,777.14 2 0
SettingsSentry/main.go:781.5,781.70 1 0
SettingsSentry/main.go:781.70,782.45 1 0
SettingsSentry/main.go:782.45,784.7 1 0
SettingsSentry/main.go:785.6,785.16 1 0
SettingsSentry/main.go:788.5,788.19 1 0
SettingsSentry/main.go:788.19,790.6 1 0
SettingsSentry/main.go:792.4,792.62 1 0
SettingsSentry/main.go:792.62,794.15 1 0
SettingsSentry/main.go:794.15,796.14 2 0
SettingsSentry/main.go:800.5,800.71 1 0
SettingsSentry/main.go:800.71,801.45 1 0
SettingsSentry/main.go:801.45,803.7 1 0
SettingsSentry/main.go:804.6,804.16 1 0
SettingsSentry/main.go:807.5,807.19 1 0
SettingsSentry/main.go:807.19,809.6 1 0
SettingsSentry/main.go:814.2,814.36 1 0
SettingsSentry/main.go:814.36,815.13 1 0
SettingsSentry/main.go:815.13,817.4 1 0
SettingsSentry/main.go:817.9,819.18 2 0
SettingsSentry/main.go:819.18,821.5 1 0
SettingsSentry/main.go:827.50,828.23 1 1
SettingsSentry/main.go:828.23,831.3 2 0
SettingsSentry/main.go:834.2,834.37 1 1
SettingsSentry/main.go:834.37,836.3 1 1
SettingsSentry/main.go:838.2,838.37 1 1
SettingsSentry/main.go:838.37,840.3 1 0
SettingsSentry/main.go:843.2,845.13 2 1
SettingsSentry/main.go:845.13,848.3 2 0
SettingsSentry/main.go:851.2,853.13 2 1
SettingsSentry/main.go:857.57,859.17 2 5
SettingsSentry/main.go:859.17,861.3 1 3
SettingsSentry/main.go:862.2,862.14 1 2
SettingsSentry/main.go:865.13,875.16 5 0
SettingsSentry/main.go:875.16,878.3 2 0
SettingsSentry/main.go:881.2,884.15 2 0
SettingsSentry/main.go:884.15,885.31 1 0
SettingsSentry/main.go:885.31,888.4 2 0
SettingsSentry/main.go:891.2,894.16 3 0
SettingsSentry/main.go:894.16,897.3 2 0
SettingsSentry/main.go:899.2,918.21 13 0
SettingsSentry/main.go:918.21,933.17 14 0
SettingsSentry/main.go:933.17,936.4 2 0
SettingsSentry/main.go:938.3,938.16 1 0
SettingsSentry/main.go:938.16,940.4 1 0
SettingsSentry/main.go:944.2,947.95 2 0
SettingsSentry/main.go:947.95,950.3 2 0
SettingsSentry/main.go:953.2,953.73 1 0
SettingsSentry/main.go:953.73,956.3 2 0
SettingsSentry/main.go:959.2,959.60 1 0
SettingsSentry/main.go:959.60,962.3 2 0
SettingsSentry/main.go:967.2,971.16 3 0
SettingsSentry/main.go:972.16,973.99 1 0
SettingsSentry/main.go:974.17,975.100 1 0
SettingsSentry/main.go:976.17,979.62 2 0
SettingsSentry/main.go:979.62,981.4 1 0
SettingsSentry/main.go:983.3,984.17 2 0
SettingsSentry/main.go:984.17,987.4 2 0
SettingsSentry/main.go:988.3,988.52 1 0
SettingsSentry/main.go:989.16,991.17 2 0
SettingsSentry/main.go:991.17,994.4 2 0
SettingsSentry/main.go:995.3,995.50 1 0
SettingsSentry/main.go:996.10,998.13 2 0
SettingsSentry/logger/logger.go:20.53,24.23 3 7
SettingsSentry/logger/logger.go:24.23,27.52 2 6
SettingsSentry/logger/logger.go:27.52,29.18 2 1
SettingsSentry/logger/logger.go:29.18,31.5 1 0
SettingsSentry/logger/logger.go:35.3,36.17 2 6
SettingsSentry/logger/logger.go:36.17,38.4 1 1
SettingsSentry/logger/logger.go:42.2,43.17 2 6
SettingsSentry/logger/logger.go:43.17,45.3 1 5
SettingsSentry/logger/logger.go:48.2,55.8 2 6
SettingsSentry/logger/logger.go:59.49,61.2 1 0
SettingsSentry/logger/logger.go:64.55,66.2 1 0
SettingsSentry/logger/logger.go:69.56,74.34 2 1
SettingsSentry/logger/logger.go:74.34,76.3 1 1
SettingsSentry/logger/logger.go:80.40,85.34 2 1
SettingsSentry/logger/logger.go:85.34,87.3 1 1
SettingsSentry/logger/logger.go:91.67,99.34 4 0
SettingsSentry/logger/logger.go:99.34,101.3 1 0
SettingsSentry/logger/logger.go:103.2,103.37 1 0
SettingsSentry/logger/logger.go:107.26,108.22 1 6
SettingsSentry/logger/logger.go:108.22,110.3 1 5
SettingsSentry/test/mocks/mock_command.go:20.52,27.2 1 0
SettingsSentry/test/mocks/mock_command.go:30.77,34.2 3 0
SettingsSentry/test/mocks/mock_command.go:37.79,41.2 3 0
SettingsSentry/test/mocks/mock_command.go:44.61,48.2 3 0
SettingsSentry/test/mocks/mock_command.go:51.71,56.2 4 0
SettingsSentry/test/mocks/mock_command.go:59.62,63.2 3 0
SettingsSentry/test/mocks/mock_command.go:66.90,75.13 5 0
SettingsSentry/test/mocks/mock_command.go:75.13,77.3 1 0
SettingsSentry/test/mocks/mock_command.go:80.2,81.13 2 0
SettingsSentry/test/mocks/mock_command.go:81.13,83.3 1 0
SettingsSentry/test/mocks/mock_command.go:86.2,86.35 1 0
SettingsSentry/test/mocks/mock_command.go:86.35,88.3 1 0
SettingsSentry/test/mocks/mock_command.go:90.2,90.55 1 0
SettingsSentry/test/mocks/mock_command.go:90.55,92.3 1 0
SettingsSentry/test/mocks/mock_command.go:94.2,94.15 1 0
SettingsSentry/test/mocks/mock_filesystem.go:21.54,22.14 1 0
SettingsSentry/test/mocks/mock_filesystem.go:22.14,24.3 1 0
SettingsSentry/test/mocks/mock_filesystem.go:25.2,25.26 1 0
SettingsSentry/test/mocks/mock_filesystem.go:28.55,29.14 1 0
SettingsSentry/test/mocks/mock_filesystem.go:29.14,31.3 1 0
SettingsSentry/test/mocks/mock_filesystem.go:32.2,32.16 1 0
SettingsSentry/test/mocks/mock_filesystem.go:32.16,34.3 1 0
SettingsSentry/test/mocks/mock_filesystem.go:35.2,35.27 1 0
SettingsSentry/test/mocks/mock_filesystem.go:38.34,39.14 1 0
SettingsSentry/test/mocks/mock_filesystem.go:39.14,41.3 1 0
SettingsSentry/test/mocks/mock_filesystem.go:42.2,43.12 2 0
SettingsSentry/test/mocks/mock_filesystem.go:55.39,57.2 1 0
SettingsSentry/test/mocks/mock_filesystem.go:59.38,61.2 1 0
SettingsSentry/test/mocks/mock_filesystem.go:63.44,65.2 1 0
SettingsSentry/test/mocks/mock_filesystem.go:67.45,69.2 1 1
SettingsSentry/test/mocks/mock_filesystem.go:71.38,73.2 1 0
SettingsSentry/test/mocks/mock_filesystem.go:75.43,77.2 1 0
SettingsSentry/test/mocks/mock_filesystem.go:85.38,87.2 1 0
SettingsSentry/test/mocks/mock_filesystem.go:89.37,91.2 1 0
SettingsSentry/test/mocks/mock_filesystem.go:93.43,94.13 1 0
SettingsSentry/test/mocks/mock_filesystem.go:94.13,96.3 1 0
SettingsSentry/test/mocks/mock_filesystem.go:97.2,97.10 1 0
SettingsSentry/test/mocks/mock_filesystem.go:100.52,107.2 1 0
SettingsSentry/test/mocks/mock_filesystem.go:118.42,124.2 1 1
SettingsSentry/test/mocks/mock_filesystem.go:127.82,148.31 7 1
SettingsSentry/test/mocks/mock_filesystem.go:148.31,157.3 3 0
SettingsSentry/test/mocks/mock_filesystem.go:161.65,181.31 7 0
SettingsSentry/test/mocks/mock_filesystem.go:181.31,190.3 3 0
SettingsSentry/test/mocks/mock_filesystem.go:194.70,203.13 5 0
SettingsSentry/test/mocks/mock_filesystem.go:203.13,205.3 1 0
SettingsSentry/test/mocks/mock_filesystem.go:208.2,212.8 1 0
SettingsSentry/test/mocks/mock_filesystem.go:216.72,225.33 5 0
SettingsSentry/test/mocks/mock_filesystem.go:225.33,227.3 1 0
SettingsSentry/test/mocks/mock_filesystem.go:230.2,248.18 5 0
SettingsSentry/test/mocks/mock_filesystem.go:252.74,257.41 3 0
SettingsSentry/test/mocks/mock_filesystem.go:257.41,259.3 1 0
SettingsSentry/test/mocks/mock_filesystem.go:262.2,265.29 2 0
SettingsSentry/test/mocks/mock_filesystem.go:265.29,267.55 2 0
SettingsSentry/test/mocks/mock_filesystem.go:267.55,273.4 2 0
SettingsSentry/test/mocks/mock_filesystem.go:277.2,277.27 1 0
SettingsSentry/test/mocks/mock_filesystem.go:277.27,279.67 2 0
SettingsSentry/test/mocks/mock_filesystem.go:279.67,285.4 2 0
SettingsSentry/test/mocks/mock_filesystem.go:288.2,288.21 1 0
SettingsSentry/test/mocks/mock_filesystem.go:292.73,310.31 7 0
SettingsSentry/test/mocks/mock_filesystem.go:310.31,319.3 3 0
SettingsSentry/test/mocks/mock_filesystem.go:321.2,321.12 1 0
SettingsSentry/test/mocks/mock_filesystem.go:325.56,339.33 8 0
SettingsSentry/test/mocks/mock_filesystem.go:339.33,340.42 1 0
SettingsSentry/test/mocks/mock_filesystem.go:340.42,343.4 2 0
SettingsSentry/test/mocks/mock_filesystem.go:346.2,346.31 1 0
SettingsSentry/test/mocks/mock_filesystem.go:346.31,347.41 1 0
SettingsSentry/test/mocks/mock_filesystem.go:347.41,350.4 2 0
SettingsSentry/test/mocks/mock_filesystem.go:353.2,353.12 1 0
SettingsSentry/test/mocks/mock_filesystem.go:357.66,366.13 5 1
SettingsSentry/test/mocks/mock_filesystem.go:366.13,368.3 1 0
SettingsSentry/test/mocks/mock_filesystem.go:370.2,370.18 1 1
SettingsSentry/test/mocks/mock_filesystem.go:374.69,383.13 5 0
SettingsSentry/test/mocks/mock_filesystem.go:383.13,385.3 1 0
SettingsSentry/test/mocks/mock_filesystem.go:387.2,387.21 1 0
SettingsSentry/test/mocks/mock_filesystem.go:391.91,400.33 5 0
SettingsSentry/test/mocks/mock_filesystem.go:400.33,402.3 1 0
SettingsSentry/test/mocks/mock_filesystem.go:405.2,414.12 3 0
SettingsSentry/test/mocks/mock_filesystem.go:418.55,420.2 1 0
SettingsSentry/test/mocks/mock_filesystem.go:423.51,425.2 1 0
SettingsSentry/test/mocks/mock_filesystem.go:428.52,430.2 1 0
SettingsSentry/test/mocks/mock_filesystem.go:433.60,435.2 1 0
SettingsSentry/test/mocks/mock_filesystem.go:438.69,447.13 5 0
SettingsSentry/test/mocks/mock_filesystem.go:447.13,449.3 1 0
SettingsSentry/test/mocks/mock_filesystem.go:451.2,451.18 1 0
SettingsSentry/cron/cronjob.go:16.59,17.15 1 8
SettingsSentry/cron/cronjob.go:17.15,18.31 1 8
SettingsSentry/cron/cronjob.go:18.31,20.4 1 0
SettingsSentry/cron/cronjob.go:23.2,23.13 1 8
SettingsSentry/cron/cronjob.go:27.57,28.48 1 4
SettingsSentry/cron/cronjob.go:28.48,31.48 2 4
SettingsSentry/cron/cronjob.go:31.48,33.18 2 1
SettingsSentry/cron/cronjob.go:33.18,35.5 1 1
SettingsSentry/cron/cronjob.go:37.3,46.17 7 3
SettingsSentry/cron/cronjob.go:46.17,50.4 2 0
SettingsSentry/cron/cronjob.go:50.9,53.4 1 3
SettingsSentry/cron/cronjob.go:56.3,59.17 4 3
SettingsSentry/cron/cronjob.go:59.17,61.4 1 0
SettingsSentry/cron/cronjob.go:63.3,64.13 2 3
SettingsSentry/cron/cronjob.go:69.28,70.51 1 2
SettingsSentry/cron/cronjob.go:70.51,76.17 5 2
SettingsSentry/cron/cronjob.go:76.17,78.79 1 0
SettingsSentry/cron/cronjob.go:78.79,81.5 2 0
SettingsSentry/cron/cronjob.go:82.4,82.56 1 0
SettingsSentry/cron/cronjob.go:86.3,88.30 3 2
SettingsSentry/cron/cronjob.go:88.30,89.40 1 3
SettingsSentry/cron/cronjob.go:89.40,91.5 1 2
SettingsSentry/cron/cronjob.go:95.3,95.38 1 2
SettingsSentry/cron/cronjob.go:95.38,100.18 5 1
SettingsSentry/cron/cronjob.go:100.18,102.5 1 0
SettingsSentry/cron/cronjob.go:103.4,103.49 1 1
SettingsSentry/cron/cronjob.go:104.9,106.4 1 1
SettingsSentry/cron/cronjob.go:108.3,108.13 1 2
SettingsSentry/cron/cronjob.go:113.41,115.56 2 2
SettingsSentry/cron/cronjob.go:115.56,121.17 5 2
SettingsSentry/cron/cronjob.go:121.17,123.79 1 0
SettingsSentry/cron/cronjob.go:123.79,126.5 2 0
SettingsSentry/cron/cronjob.go:127.4,127.56 1 0
SettingsSentry/cron/cronjob.go:131.3,132.30 2 2
SettingsSentry/cron/cronjob.go:132.30,133.39 1 2
SettingsSentry/cron/cronjob.go:133.39,136.5 2 1
SettingsSentry/cron/cronjob.go:138.3,139.13 2 1
SettingsSentry/cron/cronjob.go:142.2,142.23 1 2
SettingsSentry/cron/cronjob.go:146.50,149.26 2 0
SettingsSentry/cron/cronjob.go:149.26,151.3 1 0
SettingsSentry/cron/cronjob.go:154.2,155.16 2 0
SettingsSentry/cron/cronjob.go:155.16,157.3 1 0
SettingsSentry/cron/cronjob.go:160.2,163.35 2 0
